[2025-12-22 07:07:09] [INFO] ================================================================================
[2025-12-22 07:07:09] [INFO] НАЧАЛО ОБРАБОТКИ PDF
[2025-12-22 07:07:09] [INFO] PDF файл: C:/Users/Admin/Documents/PDF_import/Azbuka_1_kl_1_ch_Goretskiy_compressed.pdf
[2025-12-22 07:07:09] [INFO] Папка для результатов: C:\Users\Admin\Documents\Github\PythonProject\Output
[2025-12-22 07:07:09] [INFO] ================================================================================
[2025-12-22 07:07:09] [INFO] Открыт PDF файл. Всего страниц: 129
[2025-12-22 07:07:09] [INFO] Будет обработано страниц: 129
[2025-12-22 07:07:09] [INFO] 
Обработка страницы 1/129...
[2025-12-22 07:07:10] [INFO] Изображение сохранено: C:\Users\Admin\Documents\Github\PythonProject\Output\Temp\PDF_image.png
[2025-12-22 07:07:10] [INFO] Текст из изображения извлечен (31 символов)
[2025-12-22 07:07:10] [INFO]   Страница 1 обработана:
[2025-12-22 07:07:10] [INFO]     - Текстовых элементов: 0
[2025-12-22 07:07:10] [INFO]     - Изображений обработано: 1
[2025-12-22 07:07:10] [INFO]     - Таблиц обработано: 0
[2025-12-22 07:07:10] [INFO]     - Всего символов: 57
[2025-12-22 07:07:10] [INFO] 
Обработка страницы 2/129...
[2025-12-22 07:07:10] [INFO] Изображение сохранено: C:\Users\Admin\Documents\Github\PythonProject\Output\Temp\PDF_image.png
[2025-12-22 07:07:11] [INFO] Текст из изображения извлечен (154 символов)
[2025-12-22 07:07:11] [INFO]   Страница 2 обработана:
[2025-12-22 07:07:11] [INFO]     - Текстовых элементов: 0
[2025-12-22 07:07:11] [INFO]     - Изображений обработано: 1
[2025-12-22 07:07:11] [INFO]     - Таблиц обработано: 0
[2025-12-22 07:07:11] [INFO]     - Всего символов: 180
[2025-12-22 07:07:11] [INFO] 
Обработка страницы 3/129...
[2025-12-22 07:07:11] [INFO] Изображение сохранено: C:\Users\Admin\Documents\Github\PythonProject\Output\Temp\PDF_image.png
[2025-12-22 07:07:13] [INFO] Текст из изображения извлечен (2266 символов)
[2025-12-22 07:07:13] [INFO]   Страница 3 обработана:
[2025-12-22 07:07:13] [INFO]     - Текстовых элементов: 0
[2025-12-22 07:07:13] [INFO]     - Изображений обработано: 1
[2025-12-22 07:07:13] [INFO]     - Таблиц обработано: 0
[2025-12-22 07:07:13] [INFO]     - Всего символов: 2292
[2025-12-22 07:07:13] [INFO] 
Обработка страницы 4/129...
[2025-12-22 07:07:13] [INFO] Изображение сохранено: C:\Users\Admin\Documents\Github\PythonProject\Output\Temp\PDF_image.png
[2025-12-22 07:07:14] [INFO] Текст из изображения извлечен (352 символов)
[2025-12-22 07:07:14] [INFO]   Страница 4 обработана:
[2025-12-22 07:07:14] [INFO]     - Текстовых элементов: 0
[2025-12-22 07:07:14] [INFO]     - Изображений обработано: 1
[2025-12-22 07:07:14] [INFO]     - Таблиц обработано: 0
[2025-12-22 07:07:14] [INFO]     - Всего символов: 378
[2025-12-22 07:07:14] [INFO] 
Обработка страницы 5/129...
[2025-12-22 07:07:14] [INFO] Изображение сохранено: C:\Users\Admin\Documents\Github\PythonProject\Output\Temp\PDF_image.png
[2025-12-22 07:07:15] [INFO] Текст из изображения извлечен (303 символов)
[2025-12-22 07:07:15] [INFO]   Страница 5 обработана:
[2025-12-22 07:07:15] [INFO]     - Текстовых элементов: 0
[2025-12-22 07:07:15] [INFO]     - Изображений обработано: 1
[2025-12-22 07:07:15] [INFO]     - Таблиц обработано: 0
[2025-12-22 07:07:15] [INFO]     - Всего символов: 329
[2025-12-22 07:07:15] [INFO] 
Обработка страницы 6/129...
[2025-12-22 07:07:15] [INFO] Изображение сохранено: C:\Users\Admin\Documents\Github\PythonProject\Output\Temp\PDF_image.png
[2025-12-22 07:07:16] [INFO] Текст из изображения извлечен (221 символов)
[2025-12-22 07:07:16] [INFO]   Страница 6 обработана:
[2025-12-22 07:07:16] [INFO]     - Текстовых элементов: 0
[2025-12-22 07:07:16] [INFO]     - Изображений обработано: 1
[2025-12-22 07:07:16] [INFO]     - Таблиц обработано: 0
[2025-12-22 07:07:16] [INFO]     - Всего символов: 247
[2025-12-22 07:07:16] [INFO] 
Обработка страницы 7/129...
[2025-12-22 07:07:16] [INFO] Изображение сохранено: C:\Users\Admin\Documents\Github\PythonProject\Output\Temp\PDF_image.png
[2025-12-22 07:07:17] [INFO] Текст из изображения извлечен (336 символов)
[2025-12-22 07:07:17] [INFO]   Страница 7 обработана:
[2025-12-22 07:07:17] [INFO]     - Текстовых элементов: 0
[2025-12-22 07:07:17] [INFO]     - Изображений обработано: 1
[2025-12-22 07:07:17] [INFO]     - Таблиц обработано: 0
[2025-12-22 07:07:17] [INFO]     - Всего символов: 362
[2025-12-22 07:07:17] [INFO] 
Обработка страницы 8/129...
[2025-12-22 07:07:17] [INFO] Изображение сохранено: C:\Users\Admin\Documents\Github\PythonProject\Output\Temp\PDF_image.png
[2025-12-22 07:07:18] [INFO] Текст из изображения извлечен (243 символов)
[2025-12-22 07:07:18] [INFO]   Страница 8 обработана:
[2025-12-22 07:07:18] [INFO]     - Текстовых элементов: 0
[2025-12-22 07:07:18] [INFO]     - Изображений обработано: 1
[2025-12-22 07:07:18] [INFO]     - Таблиц обработано: 0
[2025-12-22 07:07:18] [INFO]     - Всего символов: 269
[2025-12-22 07:07:18] [INFO] 
Обработка страницы 9/129...
[2025-12-22 07:07:19] [INFO] Изображение сохранено: C:\Users\Admin\Documents\Github\PythonProject\Output\Temp\PDF_image.png
[2025-12-22 07:07:19] [INFO] Текст из изображения извлечен (323 символов)
[2025-12-22 07:07:19] [INFO]   Страница 9 обработана:
[2025-12-22 07:07:19] [INFO]     - Текстовых элементов: 0
[2025-12-22 07:07:19] [INFO]     - Изображений обработано: 1
[2025-12-22 07:07:19] [INFO]     - Таблиц обработано: 0
[2025-12-22 07:07:19] [INFO]     - Всего символов: 349
[2025-12-22 07:07:19] [INFO] 
Обработка страницы 10/129...
[2025-12-22 07:07:20] [INFO] Изображение сохранено: C:\Users\Admin\Documents\Github\PythonProject\Output\Temp\PDF_image.png
