[2025-12-22 06:57:47] [INFO] ================================================================================
[2025-12-22 06:57:47] [INFO] НАЧАЛО ОБРАБОТКИ PDF
[2025-12-22 06:57:47] [INFO] PDF файл: C:/Users/Admin/Documents/PDF_import/Azbuka_1_kl_1_ch_Goretskiy_compressed.pdf
[2025-12-22 06:57:47] [INFO] Папка для результатов: C:\Users\Admin\Documents\Github\PythonProject\Output
[2025-12-22 06:57:47] [INFO] ================================================================================
[2025-12-22 06:57:47] [INFO] Открыт PDF файл. Всего страниц: 129
[2025-12-22 06:57:47] [INFO] Будет обработано страниц: 129
[2025-12-22 06:57:47] [INFO] 
Обработка страницы 1/129...
[2025-12-22 06:57:48] [INFO] Изображение сохранено: C:\Users\Admin\Documents\Github\PythonProject\Output\Temp\PDF_image.png
[2025-12-22 06:57:48] [INFO] Текст из изображения извлечен (31 символов)
[2025-12-22 06:57:48] [INFO]   Страница 1 обработана:
[2025-12-22 06:57:48] [INFO]     - Текстовых элементов: 0
[2025-12-22 06:57:48] [INFO]     - Изображений обработано: 1
[2025-12-22 06:57:48] [INFO]     - Таблиц обработано: 0
[2025-12-22 06:57:48] [INFO]     - Всего символов: 57
[2025-12-22 06:57:48] [INFO] 
Обработка страницы 2/129...
[2025-12-22 06:57:48] [INFO] Изображение сохранено: C:\Users\Admin\Documents\Github\PythonProject\Output\Temp\PDF_image.png
[2025-12-22 06:57:49] [INFO] Текст из изображения извлечен (154 символов)
[2025-12-22 06:57:49] [INFO]   Страница 2 обработана:
[2025-12-22 06:57:49] [INFO]     - Текстовых элементов: 0
[2025-12-22 06:57:49] [INFO]     - Изображений обработано: 1
[2025-12-22 06:57:49] [INFO]     - Таблиц обработано: 0
[2025-12-22 06:57:49] [INFO]     - Всего символов: 180
[2025-12-22 06:57:49] [INFO] 
Обработка страницы 3/129...
[2025-12-22 06:57:49] [INFO] Изображение сохранено: C:\Users\Admin\Documents\Github\PythonProject\Output\Temp\PDF_image.png
[2025-12-22 06:57:52] [INFO] Текст из изображения извлечен (2263 символов)
[2025-12-22 06:57:52] [INFO]   Страница 3 обработана:
[2025-12-22 06:57:52] [INFO]     - Текстовых элементов: 0
[2025-12-22 06:57:52] [INFO]     - Изображений обработано: 1
[2025-12-22 06:57:52] [INFO]     - Таблиц обработано: 0
[2025-12-22 06:57:52] [INFO]     - Всего символов: 2289
[2025-12-22 06:57:52] [INFO] 
Обработка страницы 4/129...
[2025-12-22 06:57:52] [INFO] Изображение сохранено: C:\Users\Admin\Documents\Github\PythonProject\Output\Temp\PDF_image.png
[2025-12-22 06:57:53] [INFO] Текст из изображения извлечен (344 символов)
[2025-12-22 06:57:53] [INFO]   Страница 4 обработана:
[2025-12-22 06:57:53] [INFO]     - Текстовых элементов: 0
[2025-12-22 06:57:53] [INFO]     - Изображений обработано: 1
[2025-12-22 06:57:53] [INFO]     - Таблиц обработано: 0
[2025-12-22 06:57:53] [INFO]     - Всего символов: 370
[2025-12-22 06:57:53] [INFO] 
Обработка страницы 5/129...
[2025-12-22 06:57:53] [INFO] Изображение сохранено: C:\Users\Admin\Documents\Github\PythonProject\Output\Temp\PDF_image.png
[2025-12-22 06:57:54] [INFO] Текст из изображения извлечен (302 символов)
[2025-12-22 06:57:54] [INFO]   Страница 5 обработана:
[2025-12-22 06:57:54] [INFO]     - Текстовых элементов: 0
[2025-12-22 06:57:54] [INFO]     - Изображений обработано: 1
[2025-12-22 06:57:54] [INFO]     - Таблиц обработано: 0
[2025-12-22 06:57:54] [INFO]     - Всего символов: 328
[2025-12-22 06:57:54] [INFO] 
Обработка страницы 6/129...
[2025-12-22 06:57:55] [INFO] Изображение сохранено: C:\Users\Admin\Documents\Github\PythonProject\Output\Temp\PDF_image.png
[2025-12-22 06:57:56] [INFO] Текст из изображения извлечен (220 символов)
[2025-12-22 06:57:56] [INFO]   Страница 6 обработана:
[2025-12-22 06:57:56] [INFO]     - Текстовых элементов: 0
[2025-12-22 06:57:56] [INFO]     - Изображений обработано: 1
[2025-12-22 06:57:56] [INFO]     - Таблиц обработано: 0
[2025-12-22 06:57:56] [INFO]     - Всего символов: 246
[2025-12-22 06:57:56] [INFO] 
Обработка страницы 7/129...
[2025-12-22 06:57:56] [INFO] Изображение сохранено: C:\Users\Admin\Documents\Github\PythonProject\Output\Temp\PDF_image.png
[2025-12-22 06:57:57] [INFO] Текст из изображения извлечен (332 символов)
[2025-12-22 06:57:57] [INFO]   Страница 7 обработана:
[2025-12-22 06:57:57] [INFO]     - Текстовых элементов: 0
[2025-12-22 06:57:57] [INFO]     - Изображений обработано: 1
[2025-12-22 06:57:57] [INFO]     - Таблиц обработано: 0
[2025-12-22 06:57:57] [INFO]     - Всего символов: 358
[2025-12-22 06:57:57] [INFO] 
Обработка страницы 8/129...
[2025-12-22 06:57:58] [INFO] Изображение сохранено: C:\Users\Admin\Documents\Github\PythonProject\Output\Temp\PDF_image.png
[2025-12-22 06:57:59] [INFO] Текст из изображения извлечен (230 символов)
[2025-12-22 06:57:59] [INFO]   Страница 8 обработана:
[2025-12-22 06:57:59] [INFO]     - Текстовых элементов: 0
[2025-12-22 06:57:59] [INFO]     - Изображений обработано: 1
[2025-12-22 06:57:59] [INFO]     - Таблиц обработано: 0
[2025-12-22 06:57:59] [INFO]     - Всего символов: 256
[2025-12-22 06:57:59] [INFO] 
Обработка страницы 9/129...
[2025-12-22 06:57:59] [INFO] Изображение сохранено: C:\Users\Admin\Documents\Github\PythonProject\Output\Temp\PDF_image.png
[2025-12-22 06:58:00] [INFO] Текст из изображения извлечен (325 символов)
[2025-12-22 06:58:00] [INFO]   Страница 9 обработана:
[2025-12-22 06:58:00] [INFO]     - Текстовых элементов: 0
[2025-12-22 06:58:00] [INFO]     - Изображений обработано: 1
[2025-12-22 06:58:00] [INFO]     - Таблиц обработано: 0
[2025-12-22 06:58:00] [INFO]     - Всего символов: 351
[2025-12-22 06:58:00] [INFO] 
Обработка страницы 10/129...
[2025-12-22 06:58:01] [INFO] Изображение сохранено: C:\Users\Admin\Documents\Github\PythonProject\Output\Temp\PDF_image.png
[2025-12-22 06:58:01] [INFO] Текст из изображения извлечен (224 символов)
[2025-12-22 06:58:01] [INFO]   Страница 10 обработана:
[2025-12-22 06:58:01] [INFO]     - Текстовых элементов: 0
[2025-12-22 06:58:01] [INFO]     - Изображений обработано: 1
[2025-12-22 06:58:01] [INFO]     - Таблиц обработано: 0
[2025-12-22 06:58:01] [INFO]     - Всего символов: 250
[2025-12-22 06:58:01] [INFO] 
Обработка страницы 11/129...
[2025-12-22 06:58:02] [INFO] Изображение сохранено: C:\Users\Admin\Documents\Github\PythonProject\Output\Temp\PDF_image.png
[2025-12-22 06:58:03] [INFO] Текст из изображения извлечен (322 символов)
[2025-12-22 06:58:03] [INFO]   Страница 11 обработана:
[2025-12-22 06:58:03] [INFO]     - Текстовых элементов: 0
[2025-12-22 06:58:03] [INFO]     - Изображений обработано: 1
[2025-12-22 06:58:03] [INFO]     - Таблиц обработано: 0
[2025-12-22 06:58:03] [INFO]     - Всего символов: 348
[2025-12-22 06:58:03] [INFO] 
Обработка страницы 12/129...
[2025-12-22 06:58:03] [INFO] Изображение сохранено: C:\Users\Admin\Documents\Github\PythonProject\Output\Temp\PDF_image.png
[2025-12-22 06:58:04] [INFO] Текст из изображения извлечен (243 символов)
[2025-12-22 06:58:04] [INFO]   Страница 12 обработана:
[2025-12-22 06:58:04] [INFO]     - Текстовых элементов: 0
[2025-12-22 06:58:04] [INFO]     - Изображений обработано: 1
[2025-12-22 06:58:04] [INFO]     - Таблиц обработано: 0
[2025-12-22 06:58:04] [INFO]     - Всего символов: 269
[2025-12-22 06:58:04] [INFO] 
Обработка страницы 13/129...
[2025-12-22 06:58:05] [INFO] Изображение сохранено: C:\Users\Admin\Documents\Github\PythonProject\Output\Temp\PDF_image.png
[2025-12-22 06:58:06] [INFO] Текст из изображения извлечен (201 символов)
[2025-12-22 06:58:06] [INFO]   Страница 13 обработана:
[2025-12-22 06:58:06] [INFO]     - Текстовых элементов: 0
[2025-12-22 06:58:06] [INFO]     - Изображений обработано: 1
[2025-12-22 06:58:06] [INFO]     - Таблиц обработано: 0
[2025-12-22 06:58:06] [INFO]     - Всего символов: 227
[2025-12-22 06:58:06] [INFO] 
Обработка страницы 14/129...
[2025-12-22 06:58:06] [INFO] Изображение сохранено: C:\Users\Admin\Documents\Github\PythonProject\Output\Temp\PDF_image.png
[2025-12-22 06:58:07] [INFO] Текст из изображения извлечен (303 символов)
[2025-12-22 06:58:07] [INFO]   Страница 14 обработана:
[2025-12-22 06:58:07] [INFO]     - Текстовых элементов: 0
[2025-12-22 06:58:07] [INFO]     - Изображений обработано: 1
[2025-12-22 06:58:07] [INFO]     - Таблиц обработано: 0
[2025-12-22 06:58:07] [INFO]     - Всего символов: 329
[2025-12-22 06:58:07] [INFO] 
Обработка страницы 15/129...
[2025-12-22 06:58:10] [INFO] Изображение сохранено: C:\Users\Admin\Documents\Github\PythonProject\Output\Temp\PDF_image.png
[2025-12-22 06:58:11] [INFO] Текст из изображения извлечен (252 символов)
[2025-12-22 06:58:11] [INFO]   Страница 15 обработана:
[2025-12-22 06:58:11] [INFO]     - Текстовых элементов: 0
[2025-12-22 06:58:11] [INFO]     - Изображений обработано: 1
[2025-12-22 06:58:11] [INFO]     - Таблиц обработано: 0
[2025-12-22 06:58:11] [INFO]     - Всего символов: 278
[2025-12-22 06:58:11] [INFO] 
Обработка страницы 16/129...
[2025-12-22 06:58:11] [INFO] Изображение сохранено: C:\Users\Admin\Documents\Github\PythonProject\Output\Temp\PDF_image.png
[2025-12-22 06:58:12] [INFO] Текст из изображения извлечен (251 символов)
[2025-12-22 06:58:12] [INFO]   Страница 16 обработана:
[2025-12-22 06:58:12] [INFO]     - Текстовых элементов: 0
[2025-12-22 06:58:12] [INFO]     - Изображений обработано: 1
[2025-12-22 06:58:12] [INFO]     - Таблиц обработано: 0
[2025-12-22 06:58:12] [INFO]     - Всего символов: 277
[2025-12-22 06:58:12] [INFO] 
Обработка страницы 17/129...
[2025-12-22 06:58:13] [INFO] Изображение сохранено: C:\Users\Admin\Documents\Github\PythonProject\Output\Temp\PDF_image.png
[2025-12-22 06:58:14] [INFO] Текст из изображения извлечен (161 символов)
[2025-12-22 06:58:14] [INFO]   Страница 17 обработана:
[2025-12-22 06:58:14] [INFO]     - Текстовых элементов: 0
[2025-12-22 06:58:14] [INFO]     - Изображений обработано: 1
[2025-12-22 06:58:14] [INFO]     - Таблиц обработано: 0
[2025-12-22 06:58:14] [INFO]     - Всего символов: 187
[2025-12-22 06:58:14] [INFO] 
Обработка страницы 18/129...
[2025-12-22 06:58:14] [INFO] Изображение сохранено: C:\Users\Admin\Documents\Github\PythonProject\Output\Temp\PDF_image.png
[2025-12-22 06:58:15] [INFO] Текст из изображения извлечен (144 символов)
[2025-12-22 06:58:15] [INFO]   Страница 18 обработана:
[2025-12-22 06:58:15] [INFO]     - Текстовых элементов: 0
[2025-12-22 06:58:15] [INFO]     - Изображений обработано: 1
[2025-12-22 06:58:15] [INFO]     - Таблиц обработано: 0
[2025-12-22 06:58:15] [INFO]     - Всего символов: 170
[2025-12-22 06:58:15] [INFO] 
Обработка страницы 19/129...
[2025-12-22 06:58:15] [INFO] Изображение сохранено: C:\Users\Admin\Documents\Github\PythonProject\Output\Temp\PDF_image.png
[2025-12-22 06:58:16] [INFO] Текст из изображения извлечен (279 символов)
[2025-12-22 06:58:16] [INFO]   Страница 19 обработана:
[2025-12-22 06:58:16] [INFO]     - Текстовых элементов: 0
[2025-12-22 06:58:16] [INFO]     - Изображений обработано: 1
[2025-12-22 06:58:16] [INFO]     - Таблиц обработано: 0
[2025-12-22 06:58:16] [INFO]     - Всего символов: 305
[2025-12-22 06:58:16] [INFO] 
Обработка страницы 20/129...
[2025-12-22 06:58:17] [INFO] Изображение сохранено: C:\Users\Admin\Documents\Github\PythonProject\Output\Temp\PDF_image.png
[2025-12-22 06:58:18] [INFO] Текст из изображения извлечен (209 символов)
[2025-12-22 06:58:18] [INFO]   Страница 20 обработана:
[2025-12-22 06:58:18] [INFO]     - Текстовых элементов: 0
[2025-12-22 06:58:18] [INFO]     - Изображений обработано: 1
[2025-12-22 06:58:18] [INFO]     - Таблиц обработано: 0
[2025-12-22 06:58:18] [INFO]     - Всего символов: 235
[2025-12-22 06:58:18] [INFO] 
Обработка страницы 21/129...
[2025-12-22 06:58:18] [INFO] Изображение сохранено: C:\Users\Admin\Documents\Github\PythonProject\Output\Temp\PDF_image.png
[2025-12-22 06:58:19] [INFO] Текст из изображения извлечен (200 символов)
[2025-12-22 06:58:19] [INFO]   Страница 21 обработана:
[2025-12-22 06:58:19] [INFO]     - Текстовых элементов: 0
[2025-12-22 06:58:19] [INFO]     - Изображений обработано: 1
[2025-12-22 06:58:19] [INFO]     - Таблиц обработано: 0
[2025-12-22 06:58:19] [INFO]     - Всего символов: 226
[2025-12-22 06:58:19] [INFO] 
Обработка страницы 22/129...
[2025-12-22 06:58:20] [INFO] Изображение сохранено: C:\Users\Admin\Documents\Github\PythonProject\Output\Temp\PDF_image.png
[2025-12-22 06:58:21] [INFO] Текст из изображения извлечен (366 символов)
[2025-12-22 06:58:21] [INFO]   Страница 22 обработана:
[2025-12-22 06:58:21] [INFO]     - Текстовых элементов: 0
[2025-12-22 06:58:21] [INFO]     - Изображений обработано: 1
[2025-12-22 06:58:21] [INFO]     - Таблиц обработано: 0
[2025-12-22 06:58:21] [INFO]     - Всего символов: 392
[2025-12-22 06:58:21] [INFO] 
Обработка страницы 23/129...
[2025-12-22 06:58:21] [INFO] Изображение сохранено: C:\Users\Admin\Documents\Github\PythonProject\Output\Temp\PDF_image.png
[2025-12-22 06:58:22] [INFO] Текст из изображения извлечен (135 символов)
[2025-12-22 06:58:22] [INFO]   Страница 23 обработана:
[2025-12-22 06:58:22] [INFO]     - Текстовых элементов: 0
[2025-12-22 06:58:22] [INFO]     - Изображений обработано: 1
[2025-12-22 06:58:22] [INFO]     - Таблиц обработано: 0
[2025-12-22 06:58:22] [INFO]     - Всего символов: 161
[2025-12-22 06:58:22] [INFO] 
Обработка страницы 24/129...
[2025-12-22 06:58:22] [INFO] Изображение сохранено: C:\Users\Admin\Documents\Github\PythonProject\Output\Temp\PDF_image.png
[2025-12-22 06:58:23] [INFO] Текст из изображения извлечен (54 символов)
[2025-12-22 06:58:23] [INFO]   Страница 24 обработана:
[2025-12-22 06:58:23] [INFO]     - Текстовых элементов: 0
[2025-12-22 06:58:23] [INFO]     - Изображений обработано: 1
[2025-12-22 06:58:23] [INFO]     - Таблиц обработано: 0
[2025-12-22 06:58:23] [INFO]     - Всего символов: 80
[2025-12-22 06:58:23] [INFO] 
Обработка страницы 25/129...
[2025-12-22 06:58:24] [INFO] Изображение сохранено: C:\Users\Admin\Documents\Github\PythonProject\Output\Temp\PDF_image.png
[2025-12-22 06:58:25] [INFO] Текст из изображения извлечен (377 символов)
[2025-12-22 06:58:25] [INFO]   Страница 25 обработана:
[2025-12-22 06:58:25] [INFO]     - Текстовых элементов: 0
[2025-12-22 06:58:25] [INFO]     - Изображений обработано: 1
[2025-12-22 06:58:25] [INFO]     - Таблиц обработано: 0
[2025-12-22 06:58:25] [INFO]     - Всего символов: 403
[2025-12-22 06:58:25] [INFO] 
Обработка страницы 26/129...
[2025-12-22 06:58:25] [INFO] Изображение сохранено: C:\Users\Admin\Documents\Github\PythonProject\Output\Temp\PDF_image.png
[2025-12-22 06:58:26] [INFO] Текст из изображения извлечен (411 символов)
[2025-12-22 06:58:26] [INFO]   Страница 26 обработана:
[2025-12-22 06:58:26] [INFO]     - Текстовых элементов: 0
[2025-12-22 06:58:26] [INFO]     - Изображений обработано: 1
[2025-12-22 06:58:26] [INFO]     - Таблиц обработано: 0
[2025-12-22 06:58:26] [INFO]     - Всего символов: 437
[2025-12-22 06:58:26] [INFO] 
Обработка страницы 27/129...
[2025-12-22 06:58:26] [INFO] Изображение сохранено: C:\Users\Admin\Documents\Github\PythonProject\Output\Temp\PDF_image.png
[2025-12-22 06:58:27] [INFO] Текст из изображения извлечен (99 символов)
[2025-12-22 06:58:27] [INFO]   Страница 27 обработана:
[2025-12-22 06:58:27] [INFO]     - Текстовых элементов: 0
[2025-12-22 06:58:27] [INFO]     - Изображений обработано: 1
[2025-12-22 06:58:27] [INFO]     - Таблиц обработано: 0
[2025-12-22 06:58:27] [INFO]     - Всего символов: 125
[2025-12-22 06:58:27] [INFO] 
Обработка страницы 28/129...
[2025-12-22 06:58:27] [INFO] Изображение сохранено: C:\Users\Admin\Documents\Github\PythonProject\Output\Temp\PDF_image.png
[2025-12-22 06:58:28] [INFO] Текст из изображения извлечен (85 символов)
[2025-12-22 06:58:28] [INFO]   Страница 28 обработана:
[2025-12-22 06:58:28] [INFO]     - Текстовых элементов: 0
[2025-12-22 06:58:28] [INFO]     - Изображений обработано: 1
[2025-12-22 06:58:28] [INFO]     - Таблиц обработано: 0
[2025-12-22 06:58:28] [INFO]     - Всего символов: 111
[2025-12-22 06:58:28] [INFO] 
Обработка страницы 29/129...
[2025-12-22 06:58:28] [INFO] Изображение сохранено: C:\Users\Admin\Documents\Github\PythonProject\Output\Temp\PDF_image.png
[2025-12-22 06:58:29] [INFO] Текст из изображения извлечен (226 символов)
[2025-12-22 06:58:29] [INFO]   Страница 29 обработана:
[2025-12-22 06:58:29] [INFO]     - Текстовых элементов: 0
[2025-12-22 06:58:29] [INFO]     - Изображений обработано: 1
[2025-12-22 06:58:29] [INFO]     - Таблиц обработано: 0
[2025-12-22 06:58:29] [INFO]     - Всего символов: 252
[2025-12-22 06:58:29] [INFO] 
Обработка страницы 30/129...
[2025-12-22 06:58:29] [INFO] Изображение сохранено: C:\Users\Admin\Documents\Github\PythonProject\Output\Temp\PDF_image.png
[2025-12-22 06:58:30] [INFO] Текст из изображения извлечен (245 символов)
[2025-12-22 06:58:30] [INFO]   Страница 30 обработана:
[2025-12-22 06:58:30] [INFO]     - Текстовых элементов: 0
[2025-12-22 06:58:30] [INFO]     - Изображений обработано: 1
[2025-12-22 06:58:30] [INFO]     - Таблиц обработано: 0
[2025-12-22 06:58:30] [INFO]     - Всего символов: 271
[2025-12-22 06:58:30] [INFO] 
Обработка страницы 31/129...
[2025-12-22 06:58:30] [INFO] Изображение сохранено: C:\Users\Admin\Documents\Github\PythonProject\Output\Temp\PDF_image.png
[2025-12-22 06:58:31] [INFO] Текст из изображения извлечен (184 символов)
[2025-12-22 06:58:31] [INFO]   Страница 31 обработана:
[2025-12-22 06:58:31] [INFO]     - Текстовых элементов: 0
[2025-12-22 06:58:31] [INFO]     - Изображений обработано: 1
[2025-12-22 06:58:31] [INFO]     - Таблиц обработано: 0
[2025-12-22 06:58:31] [INFO]     - Всего символов: 210
[2025-12-22 06:58:31] [INFO] 
Обработка страницы 32/129...
[2025-12-22 06:58:31] [INFO] Изображение сохранено: C:\Users\Admin\Documents\Github\PythonProject\Output\Temp\PDF_image.png
[2025-12-22 06:58:32] [INFO] Текст из изображения извлечен (175 символов)
[2025-12-22 06:58:32] [INFO]   Страница 32 обработана:
[2025-12-22 06:58:32] [INFO]     - Текстовых элементов: 0
[2025-12-22 06:58:32] [INFO]     - Изображений обработано: 1
[2025-12-22 06:58:32] [INFO]     - Таблиц обработано: 0
[2025-12-22 06:58:32] [INFO]     - Всего символов: 201
[2025-12-22 06:58:32] [INFO] 
Обработка страницы 33/129...
[2025-12-22 06:58:33] [INFO] Изображение сохранено: C:\Users\Admin\Documents\Github\PythonProject\Output\Temp\PDF_image.png
[2025-12-22 06:58:34] [INFO] Текст из изображения извлечен (410 символов)
[2025-12-22 06:58:34] [INFO]   Страница 33 обработана:
[2025-12-22 06:58:34] [INFO]     - Текстовых элементов: 0
[2025-12-22 06:58:34] [INFO]     - Изображений обработано: 1
[2025-12-22 06:58:34] [INFO]     - Таблиц обработано: 0
[2025-12-22 06:58:34] [INFO]     - Всего символов: 436
[2025-12-22 06:58:34] [INFO] 
Обработка страницы 34/129...
[2025-12-22 06:58:34] [INFO] Изображение сохранено: C:\Users\Admin\Documents\Github\PythonProject\Output\Temp\PDF_image.png
[2025-12-22 06:58:35] [INFO] Текст из изображения извлечен (362 символов)
[2025-12-22 06:58:35] [INFO]   Страница 34 обработана:
[2025-12-22 06:58:35] [INFO]     - Текстовых элементов: 0
[2025-12-22 06:58:35] [INFO]     - Изображений обработано: 1
[2025-12-22 06:58:35] [INFO]     - Таблиц обработано: 0
[2025-12-22 06:58:35] [INFO]     - Всего символов: 388
[2025-12-22 06:58:35] [INFO] 
Обработка страницы 35/129...
[2025-12-22 06:58:36] [INFO] Изображение сохранено: C:\Users\Admin\Documents\Github\PythonProject\Output\Temp\PDF_image.png
[2025-12-22 06:58:37] [INFO] Текст из изображения извлечен (325 символов)
[2025-12-22 06:58:37] [INFO]   Страница 35 обработана:
[2025-12-22 06:58:37] [INFO]     - Текстовых элементов: 0
[2025-12-22 06:58:37] [INFO]     - Изображений обработано: 1
[2025-12-22 06:58:37] [INFO]     - Таблиц обработано: 0
[2025-12-22 06:58:37] [INFO]     - Всего символов: 351
[2025-12-22 06:58:37] [INFO] 
Обработка страницы 36/129...
[2025-12-22 06:58:39] [INFO] Изображение сохранено: C:\Users\Admin\Documents\Github\PythonProject\Output\Temp\PDF_image.png
[2025-12-22 06:58:40] [INFO] Текст из изображения извлечен (93 символов)
[2025-12-22 06:58:40] [INFO]   Страница 36 обработана:
[2025-12-22 06:58:40] [INFO]     - Текстовых элементов: 0
[2025-12-22 06:58:40] [INFO]     - Изображений обработано: 1
[2025-12-22 06:58:40] [INFO]     - Таблиц обработано: 0
[2025-12-22 06:58:40] [INFO]     - Всего символов: 119
[2025-12-22 06:58:40] [INFO] 
Обработка страницы 37/129...
[2025-12-22 06:58:40] [INFO] Изображение сохранено: C:\Users\Admin\Documents\Github\PythonProject\Output\Temp\PDF_image.png
[2025-12-22 06:58:41] [INFO] Текст из изображения извлечен (297 символов)
[2025-12-22 06:58:41] [INFO]   Страница 37 обработана:
[2025-12-22 06:58:41] [INFO]     - Текстовых элементов: 0
[2025-12-22 06:58:41] [INFO]     - Изображений обработано: 1
[2025-12-22 06:58:41] [INFO]     - Таблиц обработано: 0
[2025-12-22 06:58:41] [INFO]     - Всего символов: 323
[2025-12-22 06:58:41] [INFO] 
Обработка страницы 38/129...
[2025-12-22 06:58:42] [INFO] Изображение сохранено: C:\Users\Admin\Documents\Github\PythonProject\Output\Temp\PDF_image.png
[2025-12-22 06:58:43] [INFO] Текст из изображения извлечен (377 символов)
[2025-12-22 06:58:43] [INFO]   Страница 38 обработана:
[2025-12-22 06:58:43] [INFO]     - Текстовых элементов: 0
[2025-12-22 06:58:43] [INFO]     - Изображений обработано: 1
[2025-12-22 06:58:43] [INFO]     - Таблиц обработано: 0
[2025-12-22 06:58:43] [INFO]     - Всего символов: 403
[2025-12-22 06:58:43] [INFO] 
Обработка страницы 39/129...
[2025-12-22 06:58:43] [INFO] Изображение сохранено: C:\Users\Admin\Documents\Github\PythonProject\Output\Temp\PDF_image.png
[2025-12-22 06:58:44] [INFO] Текст из изображения извлечен (249 символов)
[2025-12-22 06:58:44] [INFO]   Страница 39 обработана:
[2025-12-22 06:58:44] [INFO]     - Текстовых элементов: 0
[2025-12-22 06:58:44] [INFO]     - Изображений обработано: 1
[2025-12-22 06:58:44] [INFO]     - Таблиц обработано: 0
[2025-12-22 06:58:44] [INFO]     - Всего символов: 275
[2025-12-22 06:58:44] [INFO] 
Обработка страницы 40/129...
[2025-12-22 06:58:45] [INFO] Изображение сохранено: C:\Users\Admin\Documents\Github\PythonProject\Output\Temp\PDF_image.png
[2025-12-22 06:58:46] [INFO] Текст из изображения извлечен (209 символов)
[2025-12-22 06:58:46] [INFO]   Страница 40 обработана:
[2025-12-22 06:58:46] [INFO]     - Текстовых элементов: 0
[2025-12-22 06:58:46] [INFO]     - Изображений обработано: 1
[2025-12-22 06:58:46] [INFO]     - Таблиц обработано: 0
[2025-12-22 06:58:46] [INFO]     - Всего символов: 235
[2025-12-22 06:58:46] [INFO] 
Обработка страницы 41/129...
[2025-12-22 06:58:46] [INFO] Изображение сохранено: C:\Users\Admin\Documents\Github\PythonProject\Output\Temp\PDF_image.png
[2025-12-22 06:58:47] [INFO] Текст из изображения извлечен (545 символов)
[2025-12-22 06:58:47] [INFO]   Страница 41 обработана:
[2025-12-22 06:58:47] [INFO]     - Текстовых элементов: 0
[2025-12-22 06:58:47] [INFO]     - Изображений обработано: 1
[2025-12-22 06:58:47] [INFO]     - Таблиц обработано: 0
[2025-12-22 06:58:47] [INFO]     - Всего символов: 571
[2025-12-22 06:58:47] [INFO] 
Обработка страницы 42/129...
[2025-12-22 06:58:48] [INFO] Изображение сохранено: C:\Users\Admin\Documents\Github\PythonProject\Output\Temp\PDF_image.png
[2025-12-22 06:58:48] [INFO] Текст из изображения извлечен (0 символов)
[2025-12-22 06:58:48] [INFO]   Страница 42 обработана:
[2025-12-22 06:58:48] [INFO]     - Текстовых элементов: 0
[2025-12-22 06:58:48] [INFO]     - Изображений обработано: 0
[2025-12-22 06:58:48] [INFO]     - Таблиц обработано: 0
[2025-12-22 06:58:48] [INFO]     - Всего символов: 0
[2025-12-22 06:58:48] [INFO] 
Обработка страницы 43/129...
[2025-12-22 06:58:49] [INFO] Изображение сохранено: C:\Users\Admin\Documents\Github\PythonProject\Output\Temp\PDF_image.png
[2025-12-22 06:58:50] [INFO] Текст из изображения извлечен (490 символов)
[2025-12-22 06:58:50] [INFO]   Страница 43 обработана:
[2025-12-22 06:58:50] [INFO]     - Текстовых элементов: 0
[2025-12-22 06:58:50] [INFO]     - Изображений обработано: 1
[2025-12-22 06:58:50] [INFO]     - Таблиц обработано: 0
[2025-12-22 06:58:50] [INFO]     - Всего символов: 516
[2025-12-22 06:58:50] [INFO] 
Обработка страницы 44/129...
[2025-12-22 06:58:51] [INFO] Изображение сохранено: C:\Users\Admin\Documents\Github\PythonProject\Output\Temp\PDF_image.png
[2025-12-22 06:58:52] [INFO] Текст из изображения извлечен (225 символов)
[2025-12-22 06:58:52] [INFO]   Страница 44 обработана:
[2025-12-22 06:58:52] [INFO]     - Текстовых элементов: 0
[2025-12-22 06:58:52] [INFO]     - Изображений обработано: 1
[2025-12-22 06:58:52] [INFO]     - Таблиц обработано: 0
[2025-12-22 06:58:52] [INFO]     - Всего символов: 251
[2025-12-22 06:58:52] [INFO] 
Обработка страницы 45/129...
[2025-12-22 06:58:53] [INFO] Изображение сохранено: C:\Users\Admin\Documents\Github\PythonProject\Output\Temp\PDF_image.png
[2025-12-22 06:58:54] [INFO] Текст из изображения извлечен (322 символов)
[2025-12-22 06:58:54] [INFO]   Страница 45 обработана:
[2025-12-22 06:58:54] [INFO]     - Текстовых элементов: 0
[2025-12-22 06:58:54] [INFO]     - Изображений обработано: 1
[2025-12-22 06:58:54] [INFO]     - Таблиц обработано: 0
[2025-12-22 06:58:54] [INFO]     - Всего символов: 348
[2025-12-22 06:58:54] [INFO] 
Обработка страницы 46/129...
[2025-12-22 06:58:55] [INFO] Изображение сохранено: C:\Users\Admin\Documents\Github\PythonProject\Output\Temp\PDF_image.png
[2025-12-22 06:58:56] [INFO] Текст из изображения извлечен (383 символов)
[2025-12-22 06:58:56] [INFO]   Страница 46 обработана:
[2025-12-22 06:58:56] [INFO]     - Текстовых элементов: 0
[2025-12-22 06:58:56] [INFO]     - Изображений обработано: 1
[2025-12-22 06:58:56] [INFO]     - Таблиц обработано: 0
[2025-12-22 06:58:56] [INFO]     - Всего символов: 409
[2025-12-22 06:58:56] [INFO] 
Обработка страницы 47/129...
[2025-12-22 06:58:56] [INFO] Изображение сохранено: C:\Users\Admin\Documents\Github\PythonProject\Output\Temp\PDF_image.png
[2025-12-22 06:58:58] [INFO] Текст из изображения извлечен (406 символов)
[2025-12-22 06:58:58] [INFO]   Страница 47 обработана:
[2025-12-22 06:58:58] [INFO]     - Текстовых элементов: 0
[2025-12-22 06:58:58] [INFO]     - Изображений обработано: 1
[2025-12-22 06:58:58] [INFO]     - Таблиц обработано: 0
[2025-12-22 06:58:58] [INFO]     - Всего символов: 432
[2025-12-22 06:58:58] [INFO] 
Обработка страницы 48/129...
[2025-12-22 06:58:58] [INFO] Изображение сохранено: C:\Users\Admin\Documents\Github\PythonProject\Output\Temp\PDF_image.png
[2025-12-22 06:58:59] [INFO] Текст из изображения извлечен (216 символов)
[2025-12-22 06:58:59] [INFO]   Страница 48 обработана:
[2025-12-22 06:58:59] [INFO]     - Текстовых элементов: 0
[2025-12-22 06:58:59] [INFO]     - Изображений обработано: 1
[2025-12-22 06:58:59] [INFO]     - Таблиц обработано: 0
[2025-12-22 06:58:59] [INFO]     - Всего символов: 242
[2025-12-22 06:58:59] [INFO] 
Обработка страницы 49/129...
[2025-12-22 06:59:00] [INFO] Изображение сохранено: C:\Users\Admin\Documents\Github\PythonProject\Output\Temp\PDF_image.png
[2025-12-22 06:59:01] [INFO] Текст из изображения извлечен (441 символов)
[2025-12-22 06:59:01] [INFO]   Страница 49 обработана:
[2025-12-22 06:59:01] [INFO]     - Текстовых элементов: 0
[2025-12-22 06:59:01] [INFO]     - Изображений обработано: 1
[2025-12-22 06:59:01] [INFO]     - Таблиц обработано: 0
[2025-12-22 06:59:01] [INFO]     - Всего символов: 467
[2025-12-22 06:59:01] [INFO] 
Обработка страницы 50/129...
[2025-12-22 06:59:02] [INFO] Изображение сохранено: C:\Users\Admin\Documents\Github\PythonProject\Output\Temp\PDF_image.png
[2025-12-22 06:59:03] [INFO] Текст из изображения извлечен (182 символов)
[2025-12-22 06:59:03] [INFO]   Страница 50 обработана:
[2025-12-22 06:59:03] [INFO]     - Текстовых элементов: 0
[2025-12-22 06:59:03] [INFO]     - Изображений обработано: 1
[2025-12-22 06:59:03] [INFO]     - Таблиц обработано: 0
[2025-12-22 06:59:03] [INFO]     - Всего символов: 208
[2025-12-22 06:59:03] [INFO] 
Обработка страницы 51/129...
[2025-12-22 06:59:03] [INFO] Изображение сохранено: C:\Users\Admin\Documents\Github\PythonProject\Output\Temp\PDF_image.png
[2025-12-22 06:59:04] [INFO] Текст из изображения извлечен (370 символов)
[2025-12-22 06:59:04] [INFO]   Страница 51 обработана:
[2025-12-22 06:59:04] [INFO]     - Текстовых элементов: 0
[2025-12-22 06:59:04] [INFO]     - Изображений обработано: 1
[2025-12-22 06:59:04] [INFO]     - Таблиц обработано: 0
[2025-12-22 06:59:04] [INFO]     - Всего символов: 396
[2025-12-22 06:59:04] [INFO] 
Обработка страницы 52/129...
[2025-12-22 06:59:05] [INFO] Изображение сохранено: C:\Users\Admin\Documents\Github\PythonProject\Output\Temp\PDF_image.png
[2025-12-22 06:59:05] [INFO] Текст из изображения извлечен (145 символов)
[2025-12-22 06:59:05] [INFO]   Страница 52 обработана:
[2025-12-22 06:59:05] [INFO]     - Текстовых элементов: 0
[2025-12-22 06:59:05] [INFO]     - Изображений обработано: 1
[2025-12-22 06:59:05] [INFO]     - Таблиц обработано: 0
[2025-12-22 06:59:05] [INFO]     - Всего символов: 171
[2025-12-22 06:59:05] [INFO] 
Обработка страницы 53/129...
[2025-12-22 06:59:06] [INFO] Изображение сохранено: C:\Users\Admin\Documents\Github\PythonProject\Output\Temp\PDF_image.png
[2025-12-22 06:59:06] [INFO] Текст из изображения извлечен (123 символов)
[2025-12-22 06:59:06] [INFO]   Страница 53 обработана:
[2025-12-22 06:59:06] [INFO]     - Текстовых элементов: 0
[2025-12-22 06:59:06] [INFO]     - Изображений обработано: 1
[2025-12-22 06:59:06] [INFO]     - Таблиц обработано: 0
[2025-12-22 06:59:06] [INFO]     - Всего символов: 149
[2025-12-22 06:59:06] [INFO] 
Обработка страницы 54/129...
[2025-12-22 06:59:07] [INFO] Изображение сохранено: C:\Users\Admin\Documents\Github\PythonProject\Output\Temp\PDF_image.png
[2025-12-22 06:59:07] [INFO] Текст из изображения извлечен (264 символов)
[2025-12-22 06:59:07] [INFO]   Страница 54 обработана:
[2025-12-22 06:59:07] [INFO]     - Текстовых элементов: 0
[2025-12-22 06:59:07] [INFO]     - Изображений обработано: 1
[2025-12-22 06:59:07] [INFO]     - Таблиц обработано: 0
[2025-12-22 06:59:07] [INFO]     - Всего символов: 290
[2025-12-22 06:59:07] [INFO] 
Обработка страницы 55/129...
[2025-12-22 06:59:08] [INFO] Изображение сохранено: C:\Users\Admin\Documents\Github\PythonProject\Output\Temp\PDF_image.png
[2025-12-22 06:59:09] [INFO] Текст из изображения извлечен (403 символов)
[2025-12-22 06:59:09] [INFO]   Страница 55 обработана:
[2025-12-22 06:59:09] [INFO]     - Текстовых элементов: 0
[2025-12-22 06:59:09] [INFO]     - Изображений обработано: 1
[2025-12-22 06:59:09] [INFO]     - Таблиц обработано: 0
[2025-12-22 06:59:09] [INFO]     - Всего символов: 429
[2025-12-22 06:59:09] [INFO] 
Обработка страницы 56/129...
[2025-12-22 06:59:09] [INFO] Изображение сохранено: C:\Users\Admin\Documents\Github\PythonProject\Output\Temp\PDF_image.png
[2025-12-22 06:59:10] [INFO] Текст из изображения извлечен (396 символов)
[2025-12-22 06:59:10] [INFO]   Страница 56 обработана:
[2025-12-22 06:59:10] [INFO]     - Текстовых элементов: 0
[2025-12-22 06:59:10] [INFO]     - Изображений обработано: 1
[2025-12-22 06:59:10] [INFO]     - Таблиц обработано: 0
[2025-12-22 06:59:10] [INFO]     - Всего символов: 422
[2025-12-22 06:59:10] [INFO] 
Обработка страницы 57/129...
[2025-12-22 06:59:11] [INFO] Изображение сохранено: C:\Users\Admin\Documents\Github\PythonProject\Output\Temp\PDF_image.png
[2025-12-22 06:59:12] [INFO] Текст из изображения извлечен (235 символов)
[2025-12-22 06:59:12] [INFO]   Страница 57 обработана:
[2025-12-22 06:59:12] [INFO]     - Текстовых элементов: 0
[2025-12-22 06:59:12] [INFO]     - Изображений обработано: 1
[2025-12-22 06:59:12] [INFO]     - Таблиц обработано: 0
[2025-12-22 06:59:12] [INFO]     - Всего символов: 261
[2025-12-22 06:59:12] [INFO] 
Обработка страницы 58/129...
[2025-12-22 06:59:12] [INFO] Изображение сохранено: C:\Users\Admin\Documents\Github\PythonProject\Output\Temp\PDF_image.png
[2025-12-22 06:59:13] [INFO] Текст из изображения извлечен (219 символов)
[2025-12-22 06:59:13] [INFO]   Страница 58 обработана:
[2025-12-22 06:59:13] [INFO]     - Текстовых элементов: 0
[2025-12-22 06:59:13] [INFO]     - Изображений обработано: 1
[2025-12-22 06:59:13] [INFO]     - Таблиц обработано: 0
[2025-12-22 06:59:13] [INFO]     - Всего символов: 245
[2025-12-22 06:59:13] [INFO] 
Обработка страницы 59/129...
[2025-12-22 06:59:14] [INFO] Изображение сохранено: C:\Users\Admin\Documents\Github\PythonProject\Output\Temp\PDF_image.png
[2025-12-22 06:59:15] [INFO] Текст из изображения извлечен (397 символов)
[2025-12-22 06:59:15] [INFO]   Страница 59 обработана:
[2025-12-22 06:59:15] [INFO]     - Текстовых элементов: 0
[2025-12-22 06:59:15] [INFO]     - Изображений обработано: 1
[2025-12-22 06:59:15] [INFO]     - Таблиц обработано: 0
[2025-12-22 06:59:15] [INFO]     - Всего символов: 423
[2025-12-22 06:59:15] [INFO] 
Обработка страницы 60/129...
[2025-12-22 06:59:15] [INFO] Изображение сохранено: C:\Users\Admin\Documents\Github\PythonProject\Output\Temp\PDF_image.png
[2025-12-22 06:59:16] [INFO] Текст из изображения извлечен (249 символов)
[2025-12-22 06:59:16] [INFO]   Страница 60 обработана:
[2025-12-22 06:59:16] [INFO]     - Текстовых элементов: 0
[2025-12-22 06:59:16] [INFO]     - Изображений обработано: 1
[2025-12-22 06:59:16] [INFO]     - Таблиц обработано: 0
[2025-12-22 06:59:16] [INFO]     - Всего символов: 275
[2025-12-22 06:59:16] [INFO] 
Обработка страницы 61/129...
[2025-12-22 06:59:16] [INFO] Изображение сохранено: C:\Users\Admin\Documents\Github\PythonProject\Output\Temp\PDF_image.png
[2025-12-22 06:59:18] [INFO] Текст из изображения извлечен (463 символов)
[2025-12-22 06:59:18] [INFO]   Страница 61 обработана:
[2025-12-22 06:59:18] [INFO]     - Текстовых элементов: 0
[2025-12-22 06:59:18] [INFO]     - Изображений обработано: 1
[2025-12-22 06:59:18] [INFO]     - Таблиц обработано: 0
[2025-12-22 06:59:18] [INFO]     - Всего символов: 489
[2025-12-22 06:59:18] [INFO] 
Обработка страницы 62/129...
[2025-12-22 06:59:18] [INFO] Изображение сохранено: C:\Users\Admin\Documents\Github\PythonProject\Output\Temp\PDF_image.png
[2025-12-22 06:59:19] [INFO] Текст из изображения извлечен (69 символов)
[2025-12-22 06:59:19] [INFO]   Страница 62 обработана:
[2025-12-22 06:59:19] [INFO]     - Текстовых элементов: 0
[2025-12-22 06:59:19] [INFO]     - Изображений обработано: 1
[2025-12-22 06:59:19] [INFO]     - Таблиц обработано: 0
[2025-12-22 06:59:19] [INFO]     - Всего символов: 95
[2025-12-22 06:59:19] [INFO] 
Обработка страницы 63/129...
[2025-12-22 06:59:21] [INFO] Изображение сохранено: C:\Users\Admin\Documents\Github\PythonProject\Output\Temp\PDF_image.png
[2025-12-22 06:59:22] [INFO] Текст из изображения извлечен (555 символов)
[2025-12-22 06:59:22] [INFO]   Страница 63 обработана:
[2025-12-22 06:59:22] [INFO]     - Текстовых элементов: 0
[2025-12-22 06:59:22] [INFO]     - Изображений обработано: 1
[2025-12-22 06:59:22] [INFO]     - Таблиц обработано: 0
[2025-12-22 06:59:22] [INFO]     - Всего символов: 581
[2025-12-22 06:59:22] [INFO] 
Обработка страницы 64/129...
[2025-12-22 06:59:23] [INFO] Изображение сохранено: C:\Users\Admin\Documents\Github\PythonProject\Output\Temp\PDF_image.png
[2025-12-22 06:59:24] [INFO] Текст из изображения извлечен (379 символов)
[2025-12-22 06:59:24] [INFO]   Страница 64 обработана:
[2025-12-22 06:59:24] [INFO]     - Текстовых элементов: 0
[2025-12-22 06:59:24] [INFO]     - Изображений обработано: 1
[2025-12-22 06:59:24] [INFO]     - Таблиц обработано: 0
[2025-12-22 06:59:24] [INFO]     - Всего символов: 405
[2025-12-22 06:59:24] [INFO] 
Обработка страницы 65/129...
[2025-12-22 06:59:24] [INFO] Изображение сохранено: C:\Users\Admin\Documents\Github\PythonProject\Output\Temp\PDF_image.png
[2025-12-22 06:59:25] [INFO] Текст из изображения извлечен (273 символов)
[2025-12-22 06:59:25] [INFO]   Страница 65 обработана:
[2025-12-22 06:59:25] [INFO]     - Текстовых элементов: 0
[2025-12-22 06:59:25] [INFO]     - Изображений обработано: 1
[2025-12-22 06:59:25] [INFO]     - Таблиц обработано: 0
[2025-12-22 06:59:25] [INFO]     - Всего символов: 299
[2025-12-22 06:59:25] [INFO] 
Обработка страницы 66/129...
[2025-12-22 06:59:26] [INFO] Изображение сохранено: C:\Users\Admin\Documents\Github\PythonProject\Output\Temp\PDF_image.png
[2025-12-22 06:59:27] [INFO] Текст из изображения извлечен (363 символов)
[2025-12-22 06:59:27] [INFO]   Страница 66 обработана:
[2025-12-22 06:59:27] [INFO]     - Текстовых элементов: 0
[2025-12-22 06:59:27] [INFO]     - Изображений обработано: 1
[2025-12-22 06:59:27] [INFO]     - Таблиц обработано: 0
[2025-12-22 06:59:27] [INFO]     - Всего символов: 389
[2025-12-22 06:59:27] [INFO] 
Обработка страницы 67/129...
[2025-12-22 06:59:27] [INFO] Изображение сохранено: C:\Users\Admin\Documents\Github\PythonProject\Output\Temp\PDF_image.png
[2025-12-22 06:59:28] [INFO] Текст из изображения извлечен (171 символов)
[2025-12-22 06:59:28] [INFO]   Страница 67 обработана:
[2025-12-22 06:59:28] [INFO]     - Текстовых элементов: 0
[2025-12-22 06:59:28] [INFO]     - Изображений обработано: 1
[2025-12-22 06:59:28] [INFO]     - Таблиц обработано: 0
[2025-12-22 06:59:28] [INFO]     - Всего символов: 197
[2025-12-22 06:59:28] [INFO] 
Обработка страницы 68/129...
[2025-12-22 06:59:28] [INFO] Изображение сохранено: C:\Users\Admin\Documents\Github\PythonProject\Output\Temp\PDF_image.png
[2025-12-22 06:59:30] [INFO] Текст из изображения извлечен (411 символов)
[2025-12-22 06:59:30] [INFO]   Страница 68 обработана:
[2025-12-22 06:59:30] [INFO]     - Текстовых элементов: 0
[2025-12-22 06:59:30] [INFO]     - Изображений обработано: 1
[2025-12-22 06:59:30] [INFO]     - Таблиц обработано: 0
[2025-12-22 06:59:30] [INFO]     - Всего символов: 437
[2025-12-22 06:59:30] [INFO] 
Обработка страницы 69/129...
[2025-12-22 06:59:30] [INFO] Изображение сохранено: C:\Users\Admin\Documents\Github\PythonProject\Output\Temp\PDF_image.png
[2025-12-22 06:59:31] [INFO] Текст из изображения извлечен (254 символов)
[2025-12-22 06:59:31] [INFO]   Страница 69 обработана:
[2025-12-22 06:59:31] [INFO]     - Текстовых элементов: 0
[2025-12-22 06:59:31] [INFO]     - Изображений обработано: 1
[2025-12-22 06:59:31] [INFO]     - Таблиц обработано: 0
[2025-12-22 06:59:31] [INFO]     - Всего символов: 280
[2025-12-22 06:59:31] [INFO] 
Обработка страницы 70/129...
[2025-12-22 06:59:32] [INFO] Изображение сохранено: C:\Users\Admin\Documents\Github\PythonProject\Output\Temp\PDF_image.png
[2025-12-22 06:59:33] [INFO] Текст из изображения извлечен (373 символов)
[2025-12-22 06:59:33] [INFO]   Страница 70 обработана:
[2025-12-22 06:59:33] [INFO]     - Текстовых элементов: 0
[2025-12-22 06:59:33] [INFO]     - Изображений обработано: 1
[2025-12-22 06:59:33] [INFO]     - Таблиц обработано: 0
[2025-12-22 06:59:33] [INFO]     - Всего символов: 399
[2025-12-22 06:59:33] [INFO] 
Обработка страницы 71/129...
[2025-12-22 06:59:33] [INFO] Изображение сохранено: C:\Users\Admin\Documents\Github\PythonProject\Output\Temp\PDF_image.png
[2025-12-22 06:59:36] [INFO] Текст из изображения извлечен (550 символов)
[2025-12-22 06:59:36] [INFO]   Страница 71 обработана:
[2025-12-22 06:59:36] [INFO]     - Текстовых элементов: 0
[2025-12-22 06:59:36] [INFO]     - Изображений обработано: 1
[2025-12-22 06:59:36] [INFO]     - Таблиц обработано: 0
[2025-12-22 06:59:36] [INFO]     - Всего символов: 576
[2025-12-22 06:59:36] [INFO] 
Обработка страницы 72/129...
[2025-12-22 06:59:37] [INFO] Изображение сохранено: C:\Users\Admin\Documents\Github\PythonProject\Output\Temp\PDF_image.png
[2025-12-22 06:59:38] [INFO] Текст из изображения извлечен (405 символов)
[2025-12-22 06:59:38] [INFO]   Страница 72 обработана:
[2025-12-22 06:59:38] [INFO]     - Текстовых элементов: 0
[2025-12-22 06:59:38] [INFO]     - Изображений обработано: 1
[2025-12-22 06:59:38] [INFO]     - Таблиц обработано: 0
[2025-12-22 06:59:38] [INFO]     - Всего символов: 431
[2025-12-22 06:59:38] [INFO] 
Обработка страницы 73/129...
[2025-12-22 06:59:38] [INFO] Изображение сохранено: C:\Users\Admin\Documents\Github\PythonProject\Output\Temp\PDF_image.png
[2025-12-22 06:59:40] [INFO] Текст из изображения извлечен (378 символов)
[2025-12-22 06:59:40] [INFO]   Страница 73 обработана:
[2025-12-22 06:59:40] [INFO]     - Текстовых элементов: 0
[2025-12-22 06:59:40] [INFO]     - Изображений обработано: 1
[2025-12-22 06:59:40] [INFO]     - Таблиц обработано: 0
[2025-12-22 06:59:40] [INFO]     - Всего символов: 404
[2025-12-22 06:59:40] [INFO] 
Обработка страницы 74/129...
[2025-12-22 06:59:40] [INFO] Изображение сохранено: C:\Users\Admin\Documents\Github\PythonProject\Output\Temp\PDF_image.png
[2025-12-22 06:59:41] [INFO] Текст из изображения извлечен (395 символов)
[2025-12-22 06:59:41] [INFO]   Страница 74 обработана:
[2025-12-22 06:59:41] [INFO]     - Текстовых элементов: 0
[2025-12-22 06:59:41] [INFO]     - Изображений обработано: 1
[2025-12-22 06:59:41] [INFO]     - Таблиц обработано: 0
[2025-12-22 06:59:41] [INFO]     - Всего символов: 421
[2025-12-22 06:59:41] [INFO] 
Обработка страницы 75/129...
[2025-12-22 06:59:42] [INFO] Изображение сохранено: C:\Users\Admin\Documents\Github\PythonProject\Output\Temp\PDF_image.png
[2025-12-22 06:59:43] [INFO] Текст из изображения извлечен (394 символов)
[2025-12-22 06:59:43] [INFO]   Страница 75 обработана:
[2025-12-22 06:59:43] [INFO]     - Текстовых элементов: 0
[2025-12-22 06:59:43] [INFO]     - Изображений обработано: 1
[2025-12-22 06:59:43] [INFO]     - Таблиц обработано: 0
[2025-12-22 06:59:43] [INFO]     - Всего символов: 420
[2025-12-22 06:59:43] [INFO] 
Обработка страницы 76/129...
[2025-12-22 06:59:43] [INFO] Изображение сохранено: C:\Users\Admin\Documents\Github\PythonProject\Output\Temp\PDF_image.png
[2025-12-22 06:59:44] [INFO] Текст из изображения извлечен (354 символов)
[2025-12-22 06:59:44] [INFO]   Страница 76 обработана:
[2025-12-22 06:59:44] [INFO]     - Текстовых элементов: 0
[2025-12-22 06:59:44] [INFO]     - Изображений обработано: 1
[2025-12-22 06:59:44] [INFO]     - Таблиц обработано: 0
[2025-12-22 06:59:44] [INFO]     - Всего символов: 380
[2025-12-22 06:59:44] [INFO] 
Обработка страницы 77/129...
[2025-12-22 06:59:45] [INFO] Изображение сохранено: C:\Users\Admin\Documents\Github\PythonProject\Output\Temp\PDF_image.png
[2025-12-22 06:59:46] [INFO] Текст из изображения извлечен (384 символов)
[2025-12-22 06:59:46] [INFO]   Страница 77 обработана:
[2025-12-22 06:59:46] [INFO]     - Текстовых элементов: 0
[2025-12-22 06:59:46] [INFO]     - Изображений обработано: 1
[2025-12-22 06:59:46] [INFO]     - Таблиц обработано: 0
[2025-12-22 06:59:46] [INFO]     - Всего символов: 410
[2025-12-22 06:59:46] [INFO] 
Обработка страницы 78/129...
[2025-12-22 06:59:46] [INFO] Изображение сохранено: C:\Users\Admin\Documents\Github\PythonProject\Output\Temp\PDF_image.png
[2025-12-22 06:59:47] [INFO] Текст из изображения извлечен (398 символов)
[2025-12-22 06:59:47] [INFO]   Страница 78 обработана:
[2025-12-22 06:59:47] [INFO]     - Текстовых элементов: 0
[2025-12-22 06:59:47] [INFO]     - Изображений обработано: 1
[2025-12-22 06:59:47] [INFO]     - Таблиц обработано: 0
[2025-12-22 06:59:47] [INFO]     - Всего символов: 424
[2025-12-22 06:59:47] [INFO] 
Обработка страницы 79/129...
[2025-12-22 06:59:48] [INFO] Изображение сохранено: C:\Users\Admin\Documents\Github\PythonProject\Output\Temp\PDF_image.png
[2025-12-22 06:59:49] [INFO] Текст из изображения извлечен (258 символов)
[2025-12-22 06:59:49] [INFO]   Страница 79 обработана:
[2025-12-22 06:59:49] [INFO]     - Текстовых элементов: 0
[2025-12-22 06:59:49] [INFO]     - Изображений обработано: 1
[2025-12-22 06:59:49] [INFO]     - Таблиц обработано: 0
[2025-12-22 06:59:49] [INFO]     - Всего символов: 284
[2025-12-22 06:59:49] [INFO] 
Обработка страницы 80/129...
[2025-12-22 06:59:51] [INFO] Изображение сохранено: C:\Users\Admin\Documents\Github\PythonProject\Output\Temp\PDF_image.png
[2025-12-22 06:59:52] [INFO] Текст из изображения извлечен (459 символов)
[2025-12-22 06:59:52] [INFO]   Страница 80 обработана:
[2025-12-22 06:59:52] [INFO]     - Текстовых элементов: 0
[2025-12-22 06:59:52] [INFO]     - Изображений обработано: 1
[2025-12-22 06:59:52] [INFO]     - Таблиц обработано: 0
[2025-12-22 06:59:52] [INFO]     - Всего символов: 485
[2025-12-22 06:59:52] [INFO] 
Обработка страницы 81/129...
[2025-12-22 06:59:52] [INFO] Изображение сохранено: C:\Users\Admin\Documents\Github\PythonProject\Output\Temp\PDF_image.png
[2025-12-22 06:59:53] [INFO] Текст из изображения извлечен (415 символов)
[2025-12-22 06:59:53] [INFO]   Страница 81 обработана:
[2025-12-22 06:59:53] [INFO]     - Текстовых элементов: 0
[2025-12-22 06:59:53] [INFO]     - Изображений обработано: 1
[2025-12-22 06:59:53] [INFO]     - Таблиц обработано: 0
[2025-12-22 06:59:53] [INFO]     - Всего символов: 441
[2025-12-22 06:59:53] [INFO] 
Обработка страницы 82/129...
[2025-12-22 06:59:54] [INFO] Изображение сохранено: C:\Users\Admin\Documents\Github\PythonProject\Output\Temp\PDF_image.png
[2025-12-22 06:59:55] [INFO] Текст из изображения извлечен (345 символов)
[2025-12-22 06:59:55] [INFO]   Страница 82 обработана:
[2025-12-22 06:59:55] [INFO]     - Текстовых элементов: 0
[2025-12-22 06:59:55] [INFO]     - Изображений обработано: 1
[2025-12-22 06:59:55] [INFO]     - Таблиц обработано: 0
[2025-12-22 06:59:55] [INFO]     - Всего символов: 371
[2025-12-22 06:59:55] [INFO] 
Обработка страницы 83/129...
[2025-12-22 06:59:55] [INFO] Изображение сохранено: C:\Users\Admin\Documents\Github\PythonProject\Output\Temp\PDF_image.png
[2025-12-22 06:59:56] [INFO] Текст из изображения извлечен (287 символов)
[2025-12-22 06:59:56] [INFO]   Страница 83 обработана:
[2025-12-22 06:59:56] [INFO]     - Текстовых элементов: 0
[2025-12-22 06:59:56] [INFO]     - Изображений обработано: 1
[2025-12-22 06:59:56] [INFO]     - Таблиц обработано: 0
[2025-12-22 06:59:56] [INFO]     - Всего символов: 313
[2025-12-22 06:59:56] [INFO] 
Обработка страницы 84/129...
[2025-12-22 06:59:57] [INFO] Изображение сохранено: C:\Users\Admin\Documents\Github\PythonProject\Output\Temp\PDF_image.png
[2025-12-22 06:59:58] [INFO] Текст из изображения извлечен (238 символов)
[2025-12-22 06:59:58] [INFO]   Страница 84 обработана:
[2025-12-22 06:59:58] [INFO]     - Текстовых элементов: 0
[2025-12-22 06:59:58] [INFO]     - Изображений обработано: 1
[2025-12-22 06:59:58] [INFO]     - Таблиц обработано: 0
[2025-12-22 06:59:58] [INFO]     - Всего символов: 264
[2025-12-22 06:59:58] [INFO] 
Обработка страницы 85/129...
[2025-12-22 06:59:58] [INFO] Изображение сохранено: C:\Users\Admin\Documents\Github\PythonProject\Output\Temp\PDF_image.png
[2025-12-22 07:00:00] [INFO] Текст из изображения извлечен (485 символов)
[2025-12-22 07:00:00] [INFO]   Страница 85 обработана:
[2025-12-22 07:00:00] [INFO]     - Текстовых элементов: 0
[2025-12-22 07:00:00] [INFO]     - Изображений обработано: 1
[2025-12-22 07:00:00] [INFO]     - Таблиц обработано: 0
[2025-12-22 07:00:00] [INFO]     - Всего символов: 511
[2025-12-22 07:00:00] [INFO] 
Обработка страницы 86/129...
[2025-12-22 07:00:00] [INFO] Изображение сохранено: C:\Users\Admin\Documents\Github\PythonProject\Output\Temp\PDF_image.png
[2025-12-22 07:00:01] [INFO] Текст из изображения извлечен (487 символов)
[2025-12-22 07:00:01] [INFO]   Страница 86 обработана:
[2025-12-22 07:00:01] [INFO]     - Текстовых элементов: 0
[2025-12-22 07:00:01] [INFO]     - Изображений обработано: 1
[2025-12-22 07:00:01] [INFO]     - Таблиц обработано: 0
[2025-12-22 07:00:01] [INFO]     - Всего символов: 513
[2025-12-22 07:00:01] [INFO] 
Обработка страницы 87/129...
[2025-12-22 07:00:02] [INFO] Изображение сохранено: C:\Users\Admin\Documents\Github\PythonProject\Output\Temp\PDF_image.png
[2025-12-22 07:00:03] [INFO] Текст из изображения извлечен (442 символов)
[2025-12-22 07:00:03] [INFO]   Страница 87 обработана:
[2025-12-22 07:00:03] [INFO]     - Текстовых элементов: 0
[2025-12-22 07:00:03] [INFO]     - Изображений обработано: 1
[2025-12-22 07:00:03] [INFO]     - Таблиц обработано: 0
[2025-12-22 07:00:03] [INFO]     - Всего символов: 468
[2025-12-22 07:00:03] [INFO] 
Обработка страницы 88/129...
[2025-12-22 07:00:03] [INFO] Изображение сохранено: C:\Users\Admin\Documents\Github\PythonProject\Output\Temp\PDF_image.png
[2025-12-22 07:00:06] [INFO] Текст из изображения извлечен (554 символов)
[2025-12-22 07:00:06] [INFO]   Страница 88 обработана:
[2025-12-22 07:00:06] [INFO]     - Текстовых элементов: 0
[2025-12-22 07:00:06] [INFO]     - Изображений обработано: 1
[2025-12-22 07:00:06] [INFO]     - Таблиц обработано: 0
[2025-12-22 07:00:06] [INFO]     - Всего символов: 580
[2025-12-22 07:00:06] [INFO] 
Обработка страницы 89/129...
[2025-12-22 07:00:06] [INFO] Изображение сохранено: C:\Users\Admin\Documents\Github\PythonProject\Output\Temp\PDF_image.png
[2025-12-22 07:00:07] [INFO] Текст из изображения извлечен (402 символов)
[2025-12-22 07:00:07] [INFO]   Страница 89 обработана:
[2025-12-22 07:00:07] [INFO]     - Текстовых элементов: 0
[2025-12-22 07:00:07] [INFO]     - Изображений обработано: 1
[2025-12-22 07:00:07] [INFO]     - Таблиц обработано: 0
[2025-12-22 07:00:07] [INFO]     - Всего символов: 428
[2025-12-22 07:00:07] [INFO] 
Обработка страницы 90/129...
[2025-12-22 07:00:08] [INFO] Изображение сохранено: C:\Users\Admin\Documents\Github\PythonProject\Output\Temp\PDF_image.png
[2025-12-22 07:00:09] [INFO] Текст из изображения извлечен (512 символов)
[2025-12-22 07:00:09] [INFO]   Страница 90 обработана:
[2025-12-22 07:00:09] [INFO]     - Текстовых элементов: 0
[2025-12-22 07:00:09] [INFO]     - Изображений обработано: 1
[2025-12-22 07:00:09] [INFO]     - Таблиц обработано: 0
[2025-12-22 07:00:09] [INFO]     - Всего символов: 538
[2025-12-22 07:00:09] [INFO] 
Обработка страницы 91/129...
[2025-12-22 07:00:10] [INFO] Изображение сохранено: C:\Users\Admin\Documents\Github\PythonProject\Output\Temp\PDF_image.png
[2025-12-22 07:00:11] [INFO] Текст из изображения извлечен (419 символов)
[2025-12-22 07:00:11] [INFO]   Страница 91 обработана:
[2025-12-22 07:00:11] [INFO]     - Текстовых элементов: 0
[2025-12-22 07:00:11] [INFO]     - Изображений обработано: 1
[2025-12-22 07:00:11] [INFO]     - Таблиц обработано: 0
[2025-12-22 07:00:11] [INFO]     - Всего символов: 445
[2025-12-22 07:00:11] [INFO] 
Обработка страницы 92/129...
[2025-12-22 07:00:11] [INFO] Изображение сохранено: C:\Users\Admin\Documents\Github\PythonProject\Output\Temp\PDF_image.png
[2025-12-22 07:00:13] [INFO] Текст из изображения извлечен (679 символов)
[2025-12-22 07:00:13] [INFO]   Страница 92 обработана:
[2025-12-22 07:00:13] [INFO]     - Текстовых элементов: 0
[2025-12-22 07:00:13] [INFO]     - Изображений обработано: 1
[2025-12-22 07:00:13] [INFO]     - Таблиц обработано: 0
[2025-12-22 07:00:13] [INFO]     - Всего символов: 705
[2025-12-22 07:00:13] [INFO] 
Обработка страницы 93/129...
[2025-12-22 07:00:13] [INFO] Изображение сохранено: C:\Users\Admin\Documents\Github\PythonProject\Output\Temp\PDF_image.png
[2025-12-22 07:00:14] [INFO] Текст из изображения извлечен (330 символов)
[2025-12-22 07:00:14] [INFO]   Страница 93 обработана:
[2025-12-22 07:00:14] [INFO]     - Текстовых элементов: 0
[2025-12-22 07:00:14] [INFO]     - Изображений обработано: 1
[2025-12-22 07:00:14] [INFO]     - Таблиц обработано: 0
[2025-12-22 07:00:14] [INFO]     - Всего символов: 356
[2025-12-22 07:00:14] [INFO] 
Обработка страницы 94/129...
[2025-12-22 07:00:15] [INFO] Изображение сохранено: C:\Users\Admin\Documents\Github\PythonProject\Output\Temp\PDF_image.png
[2025-12-22 07:00:16] [INFO] Текст из изображения извлечен (493 символов)
[2025-12-22 07:00:16] [INFO]   Страница 94 обработана:
[2025-12-22 07:00:16] [INFO]     - Текстовых элементов: 0
[2025-12-22 07:00:16] [INFO]     - Изображений обработано: 1
[2025-12-22 07:00:16] [INFO]     - Таблиц обработано: 0
[2025-12-22 07:00:16] [INFO]     - Всего символов: 519
[2025-12-22 07:00:16] [INFO] 
Обработка страницы 95/129...
[2025-12-22 07:00:16] [INFO] Изображение сохранено: C:\Users\Admin\Documents\Github\PythonProject\Output\Temp\PDF_image.png
[2025-12-22 07:00:17] [INFO] Текст из изображения извлечен (363 символов)
[2025-12-22 07:00:17] [INFO]   Страница 95 обработана:
[2025-12-22 07:00:17] [INFO]     - Текстовых элементов: 0
[2025-12-22 07:00:17] [INFO]     - Изображений обработано: 1
[2025-12-22 07:00:17] [INFO]     - Таблиц обработано: 0
[2025-12-22 07:00:17] [INFO]     - Всего символов: 389
[2025-12-22 07:00:17] [INFO] 
Обработка страницы 96/129...
[2025-12-22 07:00:18] [INFO] Изображение сохранено: C:\Users\Admin\Documents\Github\PythonProject\Output\Temp\PDF_image.png
[2025-12-22 07:00:19] [INFO] Текст из изображения извлечен (395 символов)
[2025-12-22 07:00:19] [INFO]   Страница 96 обработана:
[2025-12-22 07:00:19] [INFO]     - Текстовых элементов: 0
[2025-12-22 07:00:19] [INFO]     - Изображений обработано: 1
[2025-12-22 07:00:19] [INFO]     - Таблиц обработано: 0
[2025-12-22 07:00:19] [INFO]     - Всего символов: 421
[2025-12-22 07:00:19] [INFO] 
Обработка страницы 97/129...
[2025-12-22 07:00:19] [INFO] Изображение сохранено: C:\Users\Admin\Documents\Github\PythonProject\Output\Temp\PDF_image.png
[2025-12-22 07:00:20] [INFO] Текст из изображения извлечен (128 символов)
[2025-12-22 07:00:20] [INFO]   Страница 97 обработана:
[2025-12-22 07:00:20] [INFO]     - Текстовых элементов: 0
[2025-12-22 07:00:20] [INFO]     - Изображений обработано: 1
[2025-12-22 07:00:20] [INFO]     - Таблиц обработано: 0
[2025-12-22 07:00:20] [INFO]     - Всего символов: 154
[2025-12-22 07:00:20] [INFO] 
Обработка страницы 98/129...
[2025-12-22 07:00:20] [INFO] Изображение сохранено: C:\Users\Admin\Documents\Github\PythonProject\Output\Temp\PDF_image.png
[2025-12-22 07:00:21] [INFO] Текст из изображения извлечен (364 символов)
[2025-12-22 07:00:21] [INFO]   Страница 98 обработана:
[2025-12-22 07:00:21] [INFO]     - Текстовых элементов: 0
[2025-12-22 07:00:21] [INFO]     - Изображений обработано: 1
[2025-12-22 07:00:21] [INFO]     - Таблиц обработано: 0
[2025-12-22 07:00:21] [INFO]     - Всего символов: 390
[2025-12-22 07:00:21] [INFO] 
Обработка страницы 99/129...
[2025-12-22 07:00:21] [INFO] Изображение сохранено: C:\Users\Admin\Documents\Github\PythonProject\Output\Temp\PDF_image.png
[2025-12-22 07:00:22] [INFO] Текст из изображения извлечен (473 символов)
[2025-12-22 07:00:22] [INFO]   Страница 99 обработана:
[2025-12-22 07:00:22] [INFO]     - Текстовых элементов: 0
[2025-12-22 07:00:22] [INFO]     - Изображений обработано: 1
[2025-12-22 07:00:22] [INFO]     - Таблиц обработано: 0
[2025-12-22 07:00:22] [INFO]     - Всего символов: 499
[2025-12-22 07:00:22] [INFO] 
Обработка страницы 100/129...
[2025-12-22 07:00:23] [INFO] Изображение сохранено: C:\Users\Admin\Documents\Github\PythonProject\Output\Temp\PDF_image.png
[2025-12-22 07:00:23] [INFO] Текст из изображения извлечен (237 символов)
[2025-12-22 07:00:23] [INFO]   Страница 100 обработана:
[2025-12-22 07:00:23] [INFO]     - Текстовых элементов: 0
[2025-12-22 07:00:23] [INFO]     - Изображений обработано: 1
[2025-12-22 07:00:23] [INFO]     - Таблиц обработано: 0
[2025-12-22 07:00:23] [INFO]     - Всего символов: 263
[2025-12-22 07:00:23] [INFO] 
Обработка страницы 101/129...
[2025-12-22 07:00:24] [INFO] Изображение сохранено: C:\Users\Admin\Documents\Github\PythonProject\Output\Temp\PDF_image.png
[2025-12-22 07:00:25] [INFO] Текст из изображения извлечен (590 символов)
[2025-12-22 07:00:25] [INFO]   Страница 101 обработана:
[2025-12-22 07:00:25] [INFO]     - Текстовых элементов: 0
[2025-12-22 07:00:25] [INFO]     - Изображений обработано: 1
[2025-12-22 07:00:25] [INFO]     - Таблиц обработано: 0
[2025-12-22 07:00:25] [INFO]     - Всего символов: 616
[2025-12-22 07:00:25] [INFO] 
Обработка страницы 102/129...
[2025-12-22 07:00:25] [INFO] Изображение сохранено: C:\Users\Admin\Documents\Github\PythonProject\Output\Temp\PDF_image.png
[2025-12-22 07:00:26] [INFO] Текст из изображения извлечен (433 символов)
[2025-12-22 07:00:26] [INFO]   Страница 102 обработана:
[2025-12-22 07:00:26] [INFO]     - Текстовых элементов: 0
[2025-12-22 07:00:26] [INFO]     - Изображений обработано: 1
[2025-12-22 07:00:26] [INFO]     - Таблиц обработано: 0
[2025-12-22 07:00:26] [INFO]     - Всего символов: 459
[2025-12-22 07:00:26] [INFO] 
Обработка страницы 103/129...
[2025-12-22 07:00:27] [INFO] Изображение сохранено: C:\Users\Admin\Documents\Github\PythonProject\Output\Temp\PDF_image.png
[2025-12-22 07:00:28] [INFO] Текст из изображения извлечен (326 символов)
[2025-12-22 07:00:28] [INFO]   Страница 103 обработана:
[2025-12-22 07:00:28] [INFO]     - Текстовых элементов: 0
[2025-12-22 07:00:28] [INFO]     - Изображений обработано: 1
[2025-12-22 07:00:28] [INFO]     - Таблиц обработано: 0
[2025-12-22 07:00:28] [INFO]     - Всего символов: 352
[2025-12-22 07:00:28] [INFO] 
Обработка страницы 104/129...
[2025-12-22 07:00:28] [INFO] Изображение сохранено: C:\Users\Admin\Documents\Github\PythonProject\Output\Temp\PDF_image.png
[2025-12-22 07:00:29] [INFO] Текст из изображения извлечен (456 символов)
[2025-12-22 07:00:29] [INFO]   Страница 104 обработана:
[2025-12-22 07:00:29] [INFO]     - Текстовых элементов: 0
[2025-12-22 07:00:29] [INFO]     - Изображений обработано: 1
[2025-12-22 07:00:29] [INFO]     - Таблиц обработано: 0
[2025-12-22 07:00:29] [INFO]     - Всего символов: 482
[2025-12-22 07:00:29] [INFO] 
Обработка страницы 105/129...
[2025-12-22 07:00:29] [INFO] Изображение сохранено: C:\Users\Admin\Documents\Github\PythonProject\Output\Temp\PDF_image.png
[2025-12-22 07:00:31] [INFO] Текст из изображения извлечен (451 символов)
[2025-12-22 07:00:31] [INFO]   Страница 105 обработана:
[2025-12-22 07:00:31] [INFO]     - Текстовых элементов: 0
[2025-12-22 07:00:31] [INFO]     - Изображений обработано: 1
[2025-12-22 07:00:31] [INFO]     - Таблиц обработано: 0
[2025-12-22 07:00:31] [INFO]     - Всего символов: 477
[2025-12-22 07:00:31] [INFO] 
Обработка страницы 106/129...
[2025-12-22 07:00:31] [INFO] Изображение сохранено: C:\Users\Admin\Documents\Github\PythonProject\Output\Temp\PDF_image.png
[2025-12-22 07:00:32] [INFO] Текст из изображения извлечен (524 символов)
[2025-12-22 07:00:32] [INFO]   Страница 106 обработана:
[2025-12-22 07:00:32] [INFO]     - Текстовых элементов: 0
[2025-12-22 07:00:32] [INFO]     - Изображений обработано: 1
[2025-12-22 07:00:32] [INFO]     - Таблиц обработано: 0
[2025-12-22 07:00:32] [INFO]     - Всего символов: 550
[2025-12-22 07:00:32] [INFO] 
Обработка страницы 107/129...
[2025-12-22 07:00:32] [INFO] Изображение сохранено: C:\Users\Admin\Documents\Github\PythonProject\Output\Temp\PDF_image.png
[2025-12-22 07:00:33] [INFO] Текст из изображения извлечен (600 символов)
[2025-12-22 07:00:33] [INFO]   Страница 107 обработана:
[2025-12-22 07:00:33] [INFO]     - Текстовых элементов: 0
[2025-12-22 07:00:33] [INFO]     - Изображений обработано: 1
[2025-12-22 07:00:33] [INFO]     - Таблиц обработано: 0
[2025-12-22 07:00:33] [INFO]     - Всего символов: 626
[2025-12-22 07:00:33] [INFO] 
Обработка страницы 108/129...
[2025-12-22 07:00:34] [INFO] Изображение сохранено: C:\Users\Admin\Documents\Github\PythonProject\Output\Temp\PDF_image.png
[2025-12-22 07:00:35] [INFO] Текст из изображения извлечен (483 символов)
[2025-12-22 07:00:35] [INFO]   Страница 108 обработана:
[2025-12-22 07:00:35] [INFO]     - Текстовых элементов: 0
[2025-12-22 07:00:35] [INFO]     - Изображений обработано: 1
[2025-12-22 07:00:35] [INFO]     - Таблиц обработано: 0
[2025-12-22 07:00:35] [INFO]     - Всего символов: 509
[2025-12-22 07:00:35] [INFO] 
Обработка страницы 109/129...
[2025-12-22 07:00:36] [INFO] Изображение сохранено: C:\Users\Admin\Documents\Github\PythonProject\Output\Temp\PDF_image.png
[2025-12-22 07:00:37] [INFO] Текст из изображения извлечен (480 символов)
[2025-12-22 07:00:37] [INFO]   Страница 109 обработана:
[2025-12-22 07:00:37] [INFO]     - Текстовых элементов: 0
[2025-12-22 07:00:37] [INFO]     - Изображений обработано: 1
[2025-12-22 07:00:37] [INFO]     - Таблиц обработано: 0
[2025-12-22 07:00:37] [INFO]     - Всего символов: 506
[2025-12-22 07:00:37] [INFO] 
Обработка страницы 110/129...
[2025-12-22 07:00:37] [INFO] Изображение сохранено: C:\Users\Admin\Documents\Github\PythonProject\Output\Temp\PDF_image.png
[2025-12-22 07:00:38] [INFO] Текст из изображения извлечен (448 символов)
[2025-12-22 07:00:38] [INFO]   Страница 110 обработана:
[2025-12-22 07:00:38] [INFO]     - Текстовых элементов: 0
[2025-12-22 07:00:38] [INFO]     - Изображений обработано: 1
[2025-12-22 07:00:38] [INFO]     - Таблиц обработано: 0
[2025-12-22 07:00:38] [INFO]     - Всего символов: 474
[2025-12-22 07:00:38] [INFO] 
Обработка страницы 111/129...
[2025-12-22 07:00:39] [INFO] Изображение сохранено: C:\Users\Admin\Documents\Github\PythonProject\Output\Temp\PDF_image.png
[2025-12-22 07:00:40] [INFO] Текст из изображения извлечен (408 символов)
[2025-12-22 07:00:40] [INFO]   Страница 111 обработана:
[2025-12-22 07:00:40] [INFO]     - Текстовых элементов: 0
[2025-12-22 07:00:40] [INFO]     - Изображений обработано: 1
[2025-12-22 07:00:40] [INFO]     - Таблиц обработано: 0
[2025-12-22 07:00:40] [INFO]     - Всего символов: 434
[2025-12-22 07:00:40] [INFO] 
Обработка страницы 112/129...
[2025-12-22 07:00:40] [INFO] Изображение сохранено: C:\Users\Admin\Documents\Github\PythonProject\Output\Temp\PDF_image.png
[2025-12-22 07:00:41] [INFO] Текст из изображения извлечен (350 символов)
[2025-12-22 07:00:41] [INFO]   Страница 112 обработана:
[2025-12-22 07:00:41] [INFO]     - Текстовых элементов: 0
[2025-12-22 07:00:41] [INFO]     - Изображений обработано: 1
[2025-12-22 07:00:41] [INFO]     - Таблиц обработано: 0
[2025-12-22 07:00:41] [INFO]     - Всего символов: 376
[2025-12-22 07:00:41] [INFO] 
Обработка страницы 113/129...
[2025-12-22 07:00:42] [INFO] Изображение сохранено: C:\Users\Admin\Documents\Github\PythonProject\Output\Temp\PDF_image.png
[2025-12-22 07:00:45] [INFO] Текст из изображения извлечен (564 символов)
[2025-12-22 07:00:45] [INFO]   Страница 113 обработана:
[2025-12-22 07:00:45] [INFO]     - Текстовых элементов: 0
[2025-12-22 07:00:45] [INFO]     - Изображений обработано: 1
[2025-12-22 07:00:45] [INFO]     - Таблиц обработано: 0
[2025-12-22 07:00:45] [INFO]     - Всего символов: 590
[2025-12-22 07:00:45] [INFO] 
Обработка страницы 114/129...
[2025-12-22 07:00:45] [INFO] Изображение сохранено: C:\Users\Admin\Documents\Github\PythonProject\Output\Temp\PDF_image.png
[2025-12-22 07:00:46] [INFO] Текст из изображения извлечен (424 символов)
[2025-12-22 07:00:46] [INFO]   Страница 114 обработана:
[2025-12-22 07:00:46] [INFO]     - Текстовых элементов: 0
[2025-12-22 07:00:46] [INFO]     - Изображений обработано: 1
[2025-12-22 07:00:46] [INFO]     - Таблиц обработано: 0
[2025-12-22 07:00:46] [INFO]     - Всего символов: 450
[2025-12-22 07:00:46] [INFO] 
Обработка страницы 115/129...
[2025-12-22 07:00:47] [INFO] Изображение сохранено: C:\Users\Admin\Documents\Github\PythonProject\Output\Temp\PDF_image.png
[2025-12-22 07:00:49] [INFO] Текст из изображения извлечен (972 символов)
[2025-12-22 07:00:49] [INFO]   Страница 115 обработана:
[2025-12-22 07:00:49] [INFO]     - Текстовых элементов: 0
[2025-12-22 07:00:49] [INFO]     - Изображений обработано: 1
[2025-12-22 07:00:49] [INFO]     - Таблиц обработано: 0
[2025-12-22 07:00:49] [INFO]     - Всего символов: 998
[2025-12-22 07:00:49] [INFO] 
Обработка страницы 116/129...
[2025-12-22 07:00:49] [INFO] Изображение сохранено: C:\Users\Admin\Documents\Github\PythonProject\Output\Temp\PDF_image.png
[2025-12-22 07:00:50] [INFO] Текст из изображения извлечен (527 символов)
[2025-12-22 07:00:50] [INFO]   Страница 116 обработана:
[2025-12-22 07:00:50] [INFO]     - Текстовых элементов: 0
[2025-12-22 07:00:50] [INFO]     - Изображений обработано: 1
[2025-12-22 07:00:50] [INFO]     - Таблиц обработано: 0
[2025-12-22 07:00:50] [INFO]     - Всего символов: 553
[2025-12-22 07:00:50] [INFO] 
Обработка страницы 117/129...
[2025-12-22 07:00:51] [INFO] Изображение сохранено: C:\Users\Admin\Documents\Github\PythonProject\Output\Temp\PDF_image.png
[2025-12-22 07:00:52] [INFO] Текст из изображения извлечен (570 символов)
[2025-12-22 07:00:52] [INFO]   Страница 117 обработана:
[2025-12-22 07:00:52] [INFO]     - Текстовых элементов: 0
[2025-12-22 07:00:52] [INFO]     - Изображений обработано: 1
[2025-12-22 07:00:52] [INFO]     - Таблиц обработано: 0
[2025-12-22 07:00:52] [INFO]     - Всего символов: 596
[2025-12-22 07:00:52] [INFO] 
Обработка страницы 118/129...
[2025-12-22 07:00:52] [INFO] Изображение сохранено: C:\Users\Admin\Documents\Github\PythonProject\Output\Temp\PDF_image.png
[2025-12-22 07:00:53] [INFO] Текст из изображения извлечен (290 символов)
[2025-12-22 07:00:53] [INFO]   Страница 118 обработана:
[2025-12-22 07:00:53] [INFO]     - Текстовых элементов: 0
[2025-12-22 07:00:53] [INFO]     - Изображений обработано: 1
[2025-12-22 07:00:53] [INFO]     - Таблиц обработано: 0
[2025-12-22 07:00:53] [INFO]     - Всего символов: 316
[2025-12-22 07:00:53] [INFO] 
Обработка страницы 119/129...
[2025-12-22 07:00:54] [INFO] Изображение сохранено: C:\Users\Admin\Documents\Github\PythonProject\Output\Temp\PDF_image.png
[2025-12-22 07:00:55] [INFO] Текст из изображения извлечен (437 символов)
[2025-12-22 07:00:55] [INFO]   Страница 119 обработана:
[2025-12-22 07:00:55] [INFO]     - Текстовых элементов: 0
[2025-12-22 07:00:55] [INFO]     - Изображений обработано: 1
[2025-12-22 07:00:55] [INFO]     - Таблиц обработано: 0
[2025-12-22 07:00:55] [INFO]     - Всего символов: 463
[2025-12-22 07:00:55] [INFO] 
Обработка страницы 120/129...
[2025-12-22 07:00:56] [INFO] Изображение сохранено: C:\Users\Admin\Documents\Github\PythonProject\Output\Temp\PDF_image.png
[2025-12-22 07:00:57] [INFO] Текст из изображения извлечен (377 символов)
[2025-12-22 07:00:57] [INFO]   Страница 120 обработана:
[2025-12-22 07:00:57] [INFO]     - Текстовых элементов: 0
[2025-12-22 07:00:57] [INFO]     - Изображений обработано: 1
[2025-12-22 07:00:57] [INFO]     - Таблиц обработано: 0
[2025-12-22 07:00:57] [INFO]     - Всего символов: 403
[2025-12-22 07:00:57] [INFO] 
Обработка страницы 121/129...
[2025-12-22 07:00:57] [INFO] Изображение сохранено: C:\Users\Admin\Documents\Github\PythonProject\Output\Temp\PDF_image.png
[2025-12-22 07:00:58] [INFO] Текст из изображения извлечен (297 символов)
[2025-12-22 07:00:58] [INFO]   Страница 121 обработана:
[2025-12-22 07:00:58] [INFO]     - Текстовых элементов: 0
[2025-12-22 07:00:58] [INFO]     - Изображений обработано: 1
[2025-12-22 07:00:58] [INFO]     - Таблиц обработано: 0
[2025-12-22 07:00:58] [INFO]     - Всего символов: 323
[2025-12-22 07:00:58] [INFO] 
Обработка страницы 122/129...
[2025-12-22 07:01:00] [INFO] Изображение сохранено: C:\Users\Admin\Documents\Github\PythonProject\Output\Temp\PDF_image.png
[2025-12-22 07:01:01] [INFO] Текст из изображения извлечен (605 символов)
[2025-12-22 07:01:01] [INFO]   Страница 122 обработана:
[2025-12-22 07:01:01] [INFO]     - Текстовых элементов: 0
[2025-12-22 07:01:01] [INFO]     - Изображений обработано: 1
[2025-12-22 07:01:01] [INFO]     - Таблиц обработано: 0
[2025-12-22 07:01:01] [INFO]     - Всего символов: 631
[2025-12-22 07:01:01] [INFO] 
Обработка страницы 123/129...
[2025-12-22 07:01:01] [INFO] Изображение сохранено: C:\Users\Admin\Documents\Github\PythonProject\Output\Temp\PDF_image.png
[2025-12-22 07:01:03] [INFO] Текст из изображения извлечен (631 символов)
[2025-12-22 07:01:03] [INFO]   Страница 123 обработана:
[2025-12-22 07:01:03] [INFO]     - Текстовых элементов: 0
[2025-12-22 07:01:03] [INFO]     - Изображений обработано: 1
[2025-12-22 07:01:03] [INFO]     - Таблиц обработано: 0
[2025-12-22 07:01:03] [INFO]     - Всего символов: 657
[2025-12-22 07:01:03] [INFO] 
Обработка страницы 124/129...
[2025-12-22 07:01:03] [INFO] Изображение сохранено: C:\Users\Admin\Documents\Github\PythonProject\Output\Temp\PDF_image.png
[2025-12-22 07:01:04] [INFO] Текст из изображения извлечен (629 символов)
[2025-12-22 07:01:04] [INFO]   Страница 124 обработана:
[2025-12-22 07:01:04] [INFO]     - Текстовых элементов: 0
[2025-12-22 07:01:04] [INFO]     - Изображений обработано: 1
[2025-12-22 07:01:04] [INFO]     - Таблиц обработано: 0
[2025-12-22 07:01:04] [INFO]     - Всего символов: 655
[2025-12-22 07:01:04] [INFO] 
Обработка страницы 125/129...
[2025-12-22 07:01:05] [INFO] Изображение сохранено: C:\Users\Admin\Documents\Github\PythonProject\Output\Temp\PDF_image.png
[2025-12-22 07:01:05] [INFO] Текст из изображения извлечен (4 символов)
[2025-12-22 07:01:05] [INFO]   Страница 125 обработана:
[2025-12-22 07:01:05] [INFO]     - Текстовых элементов: 0
[2025-12-22 07:01:05] [INFO]     - Изображений обработано: 1
[2025-12-22 07:01:05] [INFO]     - Таблиц обработано: 0
[2025-12-22 07:01:05] [INFO]     - Всего символов: 30
[2025-12-22 07:01:05] [INFO] 
Обработка страницы 126/129...
[2025-12-22 07:01:06] [INFO] Изображение сохранено: C:\Users\Admin\Documents\Github\PythonProject\Output\Temp\PDF_image.png
[2025-12-22 07:01:06] [INFO] Текст из изображения извлечен (4 символов)
[2025-12-22 07:01:06] [INFO]   Страница 126 обработана:
[2025-12-22 07:01:06] [INFO]     - Текстовых элементов: 0
[2025-12-22 07:01:06] [INFO]     - Изображений обработано: 1
[2025-12-22 07:01:06] [INFO]     - Таблиц обработано: 0
[2025-12-22 07:01:06] [INFO]     - Всего символов: 30
[2025-12-22 07:01:06] [INFO] 
Обработка страницы 127/129...
[2025-12-22 07:01:07] [INFO] Изображение сохранено: C:\Users\Admin\Documents\Github\PythonProject\Output\Temp\PDF_image.png
[2025-12-22 07:01:07] [INFO] Текст из изображения извлечен (39 символов)
[2025-12-22 07:01:07] [INFO]   Страница 127 обработана:
[2025-12-22 07:01:07] [INFO]     - Текстовых элементов: 0
[2025-12-22 07:01:07] [INFO]     - Изображений обработано: 1
[2025-12-22 07:01:07] [INFO]     - Таблиц обработано: 0
[2025-12-22 07:01:07] [INFO]     - Всего символов: 65
[2025-12-22 07:01:07] [INFO] 
Обработка страницы 128/129...
[2025-12-22 07:01:08] [INFO] Изображение сохранено: C:\Users\Admin\Documents\Github\PythonProject\Output\Temp\PDF_image.png
[2025-12-22 07:01:10] [INFO] Текст из изображения извлечен (1757 символов)
[2025-12-22 07:01:10] [INFO]   Страница 128 обработана:
[2025-12-22 07:01:10] [INFO]     - Текстовых элементов: 0
[2025-12-22 07:01:10] [INFO]     - Изображений обработано: 1
[2025-12-22 07:01:10] [INFO]     - Таблиц обработано: 0
[2025-12-22 07:01:10] [INFO]     - Всего символов: 1783
[2025-12-22 07:01:10] [INFO] 
Обработка страницы 129/129...
[2025-12-22 07:01:11] [INFO] Изображение сохранено: C:\Users\Admin\Documents\Github\PythonProject\Output\Temp\PDF_image.png
[2025-12-22 07:01:11] [INFO] Текст из изображения извлечен (846 символов)
[2025-12-22 07:01:11] [INFO]   Страница 129 обработана:
[2025-12-22 07:01:11] [INFO]     - Текстовых элементов: 0
[2025-12-22 07:01:11] [INFO]     - Изображений обработано: 1
[2025-12-22 07:01:11] [INFO]     - Таблиц обработано: 0
[2025-12-22 07:01:11] [INFO]     - Всего символов: 872
[2025-12-22 07:01:11] [SUCCESS] Результаты сохранены:
[2025-12-22 07:01:11] [INFO]   - Полные результаты: C:\Users\Admin\Documents\Github\PythonProject\Output\Results\full_results_20251222_070111.txt
[2025-12-22 07:01:11] [INFO]   - Извлеченный текст: C:\Users\Admin\Documents\Github\PythonProject\Output\Results\extracted_text_20251222_070111.txt
[2025-12-22 07:01:11] [INFO]   - Статистика: C:\Users\Admin\Documents\Github\PythonProject\Output\Results\statistics_20251222_070111.txt
[2025-12-22 07:01:11] [SUCCESS] Обработка завершена успешно!
[2025-12-22 07:01:11] [INFO] Общее время обработки: 204.32 секунд
[2025-12-22 07:01:11] [INFO] ================================================================================
[2025-12-22 07:01:11] [INFO] ОБРАБОТКА ЗАВЕРШЕНА
[2025-12-22 07:01:11] [INFO] ================================================================================
