[2025-12-22 07:06:38] [INFO] ================================================================================
[2025-12-22 07:06:38] [INFO] НАЧАЛО ОБРАБОТКИ PDF
[2025-12-22 07:06:38] [INFO] PDF файл: C:/Users/Admin/Documents/PDF_import/Azbuka_1_kl_1_ch_Goretskiy_compressed.pdf
[2025-12-22 07:06:38] [INFO] Папка для результатов: C:\Users\Admin\Documents\Github\PythonProject\Output
[2025-12-22 07:06:38] [INFO] ================================================================================
[2025-12-22 07:06:38] [INFO] Открыт PDF файл. Всего страниц: 129
[2025-12-22 07:06:38] [INFO] Будет обработано страниц: 129
[2025-12-22 07:06:38] [INFO] 
Обработка страницы 1/129...
[2025-12-22 07:06:39] [INFO] Изображение сохранено: C:\Users\Admin\Documents\Github\PythonProject\Output\Temp\PDF_image.png
[2025-12-22 07:06:39] [INFO] Текст из изображения извлечен (31 символов)
[2025-12-22 07:06:39] [INFO]   Страница 1 обработана:
[2025-12-22 07:06:39] [INFO]     - Текстовых элементов: 0
[2025-12-22 07:06:39] [INFO]     - Изображений обработано: 1
[2025-12-22 07:06:39] [INFO]     - Таблиц обработано: 0
[2025-12-22 07:06:39] [INFO]     - Всего символов: 57
[2025-12-22 07:06:39] [INFO] 
Обработка страницы 2/129...
[2025-12-22 07:06:40] [INFO] Изображение сохранено: C:\Users\Admin\Documents\Github\PythonProject\Output\Temp\PDF_image.png
[2025-12-22 07:06:40] [INFO] Текст из изображения извлечен (154 символов)
[2025-12-22 07:06:40] [INFO]   Страница 2 обработана:
[2025-12-22 07:06:40] [INFO]     - Текстовых элементов: 0
[2025-12-22 07:06:40] [INFO]     - Изображений обработано: 1
[2025-12-22 07:06:40] [INFO]     - Таблиц обработано: 0
[2025-12-22 07:06:40] [INFO]     - Всего символов: 180
[2025-12-22 07:06:40] [INFO] 
Обработка страницы 3/129...
[2025-12-22 07:06:40] [INFO] Изображение сохранено: C:\Users\Admin\Documents\Github\PythonProject\Output\Temp\PDF_image.png
[2025-12-22 07:06:42] [INFO] Текст из изображения извлечен (2266 символов)
[2025-12-22 07:06:42] [INFO]   Страница 3 обработана:
[2025-12-22 07:06:42] [INFO]     - Текстовых элементов: 0
[2025-12-22 07:06:42] [INFO]     - Изображений обработано: 1
[2025-12-22 07:06:42] [INFO]     - Таблиц обработано: 0
[2025-12-22 07:06:42] [INFO]     - Всего символов: 2292
[2025-12-22 07:06:42] [INFO] 
Обработка страницы 4/129...
[2025-12-22 07:06:42] [INFO] Изображение сохранено: C:\Users\Admin\Documents\Github\PythonProject\Output\Temp\PDF_image.png
[2025-12-22 07:06:43] [INFO] Текст из изображения извлечен (352 символов)
[2025-12-22 07:06:43] [INFO]   Страница 4 обработана:
[2025-12-22 07:06:43] [INFO]     - Текстовых элементов: 0
[2025-12-22 07:06:43] [INFO]     - Изображений обработано: 1
[2025-12-22 07:06:43] [INFO]     - Таблиц обработано: 0
[2025-12-22 07:06:43] [INFO]     - Всего символов: 378
[2025-12-22 07:06:43] [INFO] 
Обработка страницы 5/129...
[2025-12-22 07:06:43] [INFO] Удален временный файл: cropped_image.pdf
[2025-12-22 07:06:43] [INFO] ================================================================================
[2025-12-22 07:06:43] [INFO] ОБРАБОТКА ЗАВЕРШЕНА
[2025-12-22 07:06:43] [INFO] ================================================================================
