[2025-12-22 07:07:27] [INFO] ================================================================================
[2025-12-22 07:07:27] [INFO] НАЧАЛО ОБРАБОТКИ PDF
[2025-12-22 07:07:27] [INFO] PDF файл: C:/Users/Admin/Documents/PDF_import/Azbuka_1_kl_1_ch_Goretskiy_compressed.pdf
[2025-12-22 07:07:27] [INFO] Папка для результатов: C:\Users\Admin\Documents\Github\PythonProject\Output
[2025-12-22 07:07:27] [INFO] ================================================================================
[2025-12-22 07:07:27] [INFO] Открыт PDF файл. Всего страниц: 129
[2025-12-22 07:07:27] [INFO] Будет обработано страниц: 12
[2025-12-22 07:07:27] [INFO] 
Обработка страницы 1/12...
[2025-12-22 07:07:28] [INFO] Изображение сохранено: C:\Users\Admin\Documents\Github\PythonProject\Output\Temp\PDF_image.png
[2025-12-22 07:07:28] [INFO] Текст из изображения извлечен (31 символов)
[2025-12-22 07:07:28] [INFO]   Страница 1 обработана:
[2025-12-22 07:07:28] [INFO]     - Текстовых элементов: 0
[2025-12-22 07:07:28] [INFO]     - Изображений обработано: 1
[2025-12-22 07:07:28] [INFO]     - Таблиц обработано: 0
[2025-12-22 07:07:28] [INFO]     - Всего символов: 57
[2025-12-22 07:07:28] [INFO] 
Обработка страницы 2/12...
[2025-12-22 07:07:28] [INFO] Изображение сохранено: C:\Users\Admin\Documents\Github\PythonProject\Output\Temp\PDF_image.png
[2025-12-22 07:07:29] [INFO] Текст из изображения извлечен (154 символов)
[2025-12-22 07:07:29] [INFO]   Страница 2 обработана:
[2025-12-22 07:07:29] [INFO]     - Текстовых элементов: 0
[2025-12-22 07:07:29] [INFO]     - Изображений обработано: 1
[2025-12-22 07:07:29] [INFO]     - Таблиц обработано: 0
[2025-12-22 07:07:29] [INFO]     - Всего символов: 180
[2025-12-22 07:07:29] [INFO] 
Обработка страницы 3/12...
[2025-12-22 07:07:29] [INFO] Изображение сохранено: C:\Users\Admin\Documents\Github\PythonProject\Output\Temp\PDF_image.png
[2025-12-22 07:07:31] [INFO] Текст из изображения извлечен (2266 символов)
[2025-12-22 07:07:31] [INFO]   Страница 3 обработана:
[2025-12-22 07:07:31] [INFO]     - Текстовых элементов: 0
[2025-12-22 07:07:31] [INFO]     - Изображений обработано: 1
[2025-12-22 07:07:31] [INFO]     - Таблиц обработано: 0
[2025-12-22 07:07:31] [INFO]     - Всего символов: 2292
[2025-12-22 07:07:31] [INFO] 
Обработка страницы 4/12...
[2025-12-22 07:07:31] [INFO] Изображение сохранено: C:\Users\Admin\Documents\Github\PythonProject\Output\Temp\PDF_image.png
[2025-12-22 07:07:32] [INFO] Текст из изображения извлечен (352 символов)
[2025-12-22 07:07:32] [INFO]   Страница 4 обработана:
[2025-12-22 07:07:32] [INFO]     - Текстовых элементов: 0
[2025-12-22 07:07:32] [INFO]     - Изображений обработано: 1
[2025-12-22 07:07:32] [INFO]     - Таблиц обработано: 0
[2025-12-22 07:07:32] [INFO]     - Всего символов: 378
[2025-12-22 07:07:32] [INFO] 
Обработка страницы 5/12...
[2025-12-22 07:07:32] [INFO] Изображение сохранено: C:\Users\Admin\Documents\Github\PythonProject\Output\Temp\PDF_image.png
[2025-12-22 07:07:33] [INFO] Текст из изображения извлечен (303 символов)
[2025-12-22 07:07:33] [INFO]   Страница 5 обработана:
[2025-12-22 07:07:33] [INFO]     - Текстовых элементов: 0
[2025-12-22 07:07:33] [INFO]     - Изображений обработано: 1
[2025-12-22 07:07:33] [INFO]     - Таблиц обработано: 0
[2025-12-22 07:07:33] [INFO]     - Всего символов: 329
[2025-12-22 07:07:33] [INFO] 
Обработка страницы 6/12...
[2025-12-22 07:07:33] [INFO] Изображение сохранено: C:\Users\Admin\Documents\Github\PythonProject\Output\Temp\PDF_image.png
[2025-12-22 07:07:34] [INFO] Текст из изображения извлечен (221 символов)
[2025-12-22 07:07:34] [INFO]   Страница 6 обработана:
[2025-12-22 07:07:34] [INFO]     - Текстовых элементов: 0
[2025-12-22 07:07:34] [INFO]     - Изображений обработано: 1
[2025-12-22 07:07:34] [INFO]     - Таблиц обработано: 0
[2025-12-22 07:07:34] [INFO]     - Всего символов: 247
[2025-12-22 07:07:34] [INFO] 
Обработка страницы 7/12...
[2025-12-22 07:07:34] [INFO] Изображение сохранено: C:\Users\Admin\Documents\Github\PythonProject\Output\Temp\PDF_image.png
[2025-12-22 07:07:35] [INFO] Текст из изображения извлечен (336 символов)
[2025-12-22 07:07:35] [INFO]   Страница 7 обработана:
[2025-12-22 07:07:35] [INFO]     - Текстовых элементов: 0
[2025-12-22 07:07:35] [INFO]     - Изображений обработано: 1
[2025-12-22 07:07:35] [INFO]     - Таблиц обработано: 0
[2025-12-22 07:07:35] [INFO]     - Всего символов: 362
[2025-12-22 07:07:35] [INFO] 
Обработка страницы 8/12...
[2025-12-22 07:07:35] [INFO] Изображение сохранено: C:\Users\Admin\Documents\Github\PythonProject\Output\Temp\PDF_image.png
[2025-12-22 07:07:36] [INFO] Текст из изображения извлечен (229 символов)
[2025-12-22 07:07:36] [INFO]   Страница 8 обработана:
[2025-12-22 07:07:36] [INFO]     - Текстовых элементов: 0
[2025-12-22 07:07:36] [INFO]     - Изображений обработано: 1
[2025-12-22 07:07:36] [INFO]     - Таблиц обработано: 0
[2025-12-22 07:07:36] [INFO]     - Всего символов: 255
[2025-12-22 07:07:36] [INFO] 
Обработка страницы 9/12...
[2025-12-22 07:07:36] [INFO] Изображение сохранено: C:\Users\Admin\Documents\Github\PythonProject\Output\Temp\PDF_image.png
[2025-12-22 07:07:37] [INFO] Текст из изображения извлечен (323 символов)
[2025-12-22 07:07:37] [INFO]   Страница 9 обработана:
[2025-12-22 07:07:37] [INFO]     - Текстовых элементов: 0
[2025-12-22 07:07:37] [INFO]     - Изображений обработано: 1
[2025-12-22 07:07:37] [INFO]     - Таблиц обработано: 0
[2025-12-22 07:07:37] [INFO]     - Всего символов: 349
[2025-12-22 07:07:37] [INFO] 
Обработка страницы 10/12...
[2025-12-22 07:07:37] [INFO] Изображение сохранено: C:\Users\Admin\Documents\Github\PythonProject\Output\Temp\PDF_image.png
[2025-12-22 07:07:38] [INFO] Текст из изображения извлечен (223 символов)
[2025-12-22 07:07:38] [INFO]   Страница 10 обработана:
[2025-12-22 07:07:38] [INFO]     - Текстовых элементов: 0
[2025-12-22 07:07:38] [INFO]     - Изображений обработано: 1
[2025-12-22 07:07:38] [INFO]     - Таблиц обработано: 0
[2025-12-22 07:07:38] [INFO]     - Всего символов: 249
[2025-12-22 07:07:38] [INFO] 
Обработка страницы 11/12...
[2025-12-22 07:07:38] [INFO] Изображение сохранено: C:\Users\Admin\Documents\Github\PythonProject\Output\Temp\PDF_image.png
[2025-12-22 07:07:39] [INFO] Текст из изображения извлечен (319 символов)
[2025-12-22 07:07:39] [INFO]   Страница 11 обработана:
[2025-12-22 07:07:39] [INFO]     - Текстовых элементов: 0
[2025-12-22 07:07:39] [INFO]     - Изображений обработано: 1
[2025-12-22 07:07:39] [INFO]     - Таблиц обработано: 0
[2025-12-22 07:07:39] [INFO]     - Всего символов: 345
[2025-12-22 07:07:39] [INFO] 
Обработка страницы 12/12...
[2025-12-22 07:07:39] [INFO] Изображение сохранено: C:\Users\Admin\Documents\Github\PythonProject\Output\Temp\PDF_image.png
[2025-12-22 07:07:40] [INFO] Текст из изображения извлечен (243 символов)
[2025-12-22 07:07:40] [INFO]   Страница 12 обработана:
[2025-12-22 07:07:40] [INFO]     - Текстовых элементов: 0
[2025-12-22 07:07:40] [INFO]     - Изображений обработано: 1
[2025-12-22 07:07:40] [INFO]     - Таблиц обработано: 0
[2025-12-22 07:07:40] [INFO]     - Всего символов: 269
[2025-12-22 07:07:40] [SUCCESS] Результаты сохранены:
[2025-12-22 07:07:40] [INFO]   - Полные результаты: C:\Users\Admin\Documents\Github\PythonProject\Output\Results\full_results_20251222_070740.txt
[2025-12-22 07:07:40] [INFO]   - Извлеченный текст: C:\Users\Admin\Documents\Github\PythonProject\Output\Results\extracted_text_20251222_070740.txt
[2025-12-22 07:07:40] [INFO]   - Статистика: C:\Users\Admin\Documents\Github\PythonProject\Output\Results\statistics_20251222_070740.txt
[2025-12-22 07:07:40] [SUCCESS] Обработка завершена успешно!
[2025-12-22 07:07:40] [INFO] Общее время обработки: 12.44 секунд
[2025-12-22 07:07:40] [INFO] ================================================================================
[2025-12-22 07:07:40] [INFO] ОБРАБОТКА ЗАВЕРШЕНА
[2025-12-22 07:07:40] [INFO] ================================================================================
